2023-10-25 14:09:34,734 [INFO] Activator:176 - 


2023-10-25 14:09:34,735 [INFO] Activator:177 - !SESSION log4j initialized
2023-10-25 14:09:36,506 [INFO] LogOutputStream:77 - [STDOUT_REDIRECT] 
2023-10-25 14:09:38,206 [INFO] ApplicationProperties:184 - Using Application install path: C:\ST\STM32CubeIDE_1.12.1\STM32CubeIDE\plugins\com.st.stm32cube.common.mx_6.9.0.202307051724
2023-10-25 14:09:38,221 [INFO] DbMcusXml:78 - Set database path to: C:\ST\STM32CubeIDE_1.12.1\STM32CubeIDE\plugins\com.st.stm32cube.common.mx_6.9.0.202307051724\\db\/mcu/
2023-10-25 14:09:38,222 [INFO] ApiDb:274 - Set plugin database path to: C:\ST\STM32CubeIDE_1.12.1\STM32CubeIDE\plugins\com.st.stm32cube.common.mx_6.9.0.202307051724\\db\/plugins/boardmanager/
2023-10-25 14:09:38,222 [WARN] ApiDb:259 - Overriding images path with different value:  => C:\ST\STM32CubeIDE_1.12.1\STM32CubeIDE\plugins\com.st.stm32cube.common.mx_6.9.0.202307051724\\db\/plugins/mcufinder/images/
2023-10-25 14:09:38,229 [INFO] ApiDb:250 - Set database path to: C:\Users\fabio\.stmcufinder\plugins\mcufinder//mcu/
2023-10-25 14:09:38,232 [INFO] DbMcusAds:125 - Set database path to: C:\Users\fabio\.stmcufinder\plugins\mcufinder//mcu/
2023-10-25 14:09:38,234 [INFO] CrossReferenceDbSqlite:203 - Set database path to: C:\Users\fabio\.stmcufinder\plugins\mcufinder//mcu/cs/
2023-10-25 14:09:38,322 [INFO] RulesReader:64 - Compatibility file has been processed (293 Rules)
2023-10-25 14:09:38,381 [INFO] DbMcusXml:78 - Set database path to: C:\ST\STM32CubeIDE_1.12.1\STM32CubeIDE\plugins\com.st.stm32cube.common.mx_6.9.0.202307051724\\db\/mcu/
2023-10-25 14:09:38,381 [INFO] ApiDb:274 - Set plugin database path to: C:\ST\STM32CubeIDE_1.12.1\STM32CubeIDE\plugins\com.st.stm32cube.common.mx_6.9.0.202307051724\\db\/plugins/boardmanager/
2023-10-25 14:09:38,381 [INFO] ApiDb:261 - Set plugin images path to: C:\ST\STM32CubeIDE_1.12.1\STM32CubeIDE\plugins\com.st.stm32cube.common.mx_6.9.0.202307051724\\db\/plugins/mcufinder/images/
2023-10-25 14:09:38,382 [WARN] DbFile:41 - Overriding database path with different value: C:\Users\fabio\.stmcufinder\plugins\mcufinder/ => C:\Users\fabio\.stmcufinder\plugins\mcufinder
2023-10-25 14:09:38,382 [INFO] ApiDb:250 - Set database path to: C:\Users\fabio\.stmcufinder\plugins\mcufinder//mcu/
2023-10-25 14:09:38,382 [WARN] DbFile:41 - Overriding database path with different value: C:\Users\fabio\.stmcufinder\plugins\mcufinder/ => C:\Users\fabio\.stmcufinder\plugins\mcufinder
2023-10-25 14:09:38,382 [INFO] DbMcusAds:125 - Set database path to: C:\Users\fabio\.stmcufinder\plugins\mcufinder//mcu/
2023-10-25 14:09:38,382 [WARN] DbFile:41 - Overriding database path with different value: C:\Users\fabio\.stmcufinder\plugins\mcufinder/ => C:\Users\fabio\.stmcufinder\plugins\mcufinder
2023-10-25 14:09:38,382 [WARN] DbFile:41 - Overriding database path with different value: C:\Users\fabio\.stmcufinder\plugins\mcufinder/ => C:\Users\fabio\.stmcufinder\plugins\mcufinder
2023-10-25 14:09:38,382 [INFO] CrossReferenceDbSqlite:203 - Set database path to: C:\Users\fabio\.stmcufinder\plugins\mcufinder//mcu/cs/
2023-10-25 14:09:38,442 [INFO] MainPanel:262 - HeapMemory: 268435456
2023-10-25 14:09:38,497 [INFO] DbMcusXml:78 - Set database path to: C:\ST\STM32CubeIDE_1.12.1\STM32CubeIDE\plugins\com.st.stm32cube.common.mx_6.9.0.202307051724\\db\/mcu/
2023-10-25 14:09:38,497 [INFO] ApiDb:274 - Set plugin database path to: C:\ST\STM32CubeIDE_1.12.1\STM32CubeIDE\plugins\com.st.stm32cube.common.mx_6.9.0.202307051724\\db\/plugins/boardmanager/
2023-10-25 14:09:38,497 [INFO] ApiDb:261 - Set plugin images path to: C:\ST\STM32CubeIDE_1.12.1\STM32CubeIDE\plugins\com.st.stm32cube.common.mx_6.9.0.202307051724\\db\/plugins/mcufinder/images/
2023-10-25 14:09:38,497 [WARN] DbFile:41 - Overriding database path with different value: C:\Users\fabio\.stmcufinder\plugins\mcufinder/ => C:\Users\fabio\.stmcufinder\plugins\mcufinder
2023-10-25 14:09:38,497 [INFO] ApiDb:250 - Set database path to: C:\Users\fabio\.stmcufinder\plugins\mcufinder//mcu/
2023-10-25 14:09:38,497 [WARN] DbFile:41 - Overriding database path with different value: C:\Users\fabio\.stmcufinder\plugins\mcufinder/ => C:\Users\fabio\.stmcufinder\plugins\mcufinder
2023-10-25 14:09:38,497 [INFO] DbMcusAds:125 - Set database path to: C:\Users\fabio\.stmcufinder\plugins\mcufinder//mcu/
2023-10-25 14:09:38,497 [WARN] DbFile:41 - Overriding database path with different value: C:\Users\fabio\.stmcufinder\plugins\mcufinder/ => C:\Users\fabio\.stmcufinder\plugins\mcufinder
2023-10-25 14:09:38,497 [WARN] DbFile:41 - Overriding database path with different value: C:\Users\fabio\.stmcufinder\plugins\mcufinder/ => C:\Users\fabio\.stmcufinder\plugins\mcufinder
2023-10-25 14:09:38,498 [INFO] CrossReferenceDbSqlite:203 - Set database path to: C:\Users\fabio\.stmcufinder\plugins\mcufinder//mcu/cs/
2023-10-25 14:09:38,511 [INFO] ApplicationProperties:184 - Using Application install path: C:\ST\STM32CubeIDE_1.12.1\STM32CubeIDE\plugins\com.st.stm32cube.common.mx_6.9.0.202307051724
2023-10-25 14:09:38,513 [INFO] PluginManage:196 - Search for loadable plugins [exclusion list=, ]
2023-10-25 14:09:38,514 [INFO] PluginManage:310 - Check plugin analytics
2023-10-25 14:09:38,630 [INFO] AnalyticsPlugin:253 - Accepted Software Licenses: STM32CubeMX.6.8.1
2023-10-25 14:09:38,630 [INFO] AnalyticsPlugin:255 - Accepted CMSIS Pack Licenses: 
2023-10-25 14:09:38,631 [INFO] AnalyticsPlugin:257 - Accepted Firmware Licenses: FW.C0.1.0.0,FW.C0.1.1.0
2023-10-25 14:09:38,633 [INFO] PluginManage:359 - Loaded plugin analytics (category:tool,tabindex:-1)
2023-10-25 14:09:38,634 [INFO] PluginManage:310 - Check plugin cadmodel
2023-10-25 14:09:38,638 [INFO] CADModel:105 - Init CAD model plugin
2023-10-25 14:09:38,638 [INFO] PluginManage:359 - Loaded plugin cadmodel (category:power,tabindex:5)
2023-10-25 14:09:38,640 [INFO] PluginManage:310 - Check plugin clock
2023-10-25 14:09:38,648 [INFO] PluginManage:359 - Loaded plugin clock (category:base,tabindex:2)
2023-10-25 14:09:38,648 [INFO] PluginManage:310 - Check plugin ddr
2023-10-25 14:09:38,650 [INFO] PluginManage:359 - Loaded plugin ddr (category:tool,tabindex:6)
2023-10-25 14:09:38,650 [INFO] PluginManage:310 - Check plugin filemanager
2023-10-25 14:09:38,749 [INFO] PluginManage:359 - Loaded plugin filemanager (category:base,tabindex:10)
2023-10-25 14:09:38,749 [INFO] PluginManage:310 - Check plugin ipmanager
2023-10-25 14:09:38,755 [INFO] PluginManage:359 - Loaded plugin ipmanager (category:base,tabindex:5)
2023-10-25 14:09:38,755 [INFO] PluginManage:310 - Check plugin lpbam
2023-10-25 14:09:38,764 [INFO] PluginManage:359 - Loaded plugin lpbam (category:base,tabindex:0)
2023-10-25 14:09:38,764 [INFO] PluginManage:310 - Check plugin memorymap
2023-10-25 14:09:38,771 [INFO] PluginManage:359 - Loaded plugin memorymap (category:base,tabindex:4)
2023-10-25 14:09:38,772 [INFO] PluginManage:310 - Check plugin pinoutandconfiguration
2023-10-25 14:09:38,777 [INFO] PluginManage:359 - Loaded plugin pinoutandconfiguration (category:base,tabindex:1)
2023-10-25 14:09:38,778 [INFO] PluginManage:310 - Check plugin pinoutconfig
2023-10-25 14:09:38,863 [WARN] SupportedApi:132 - Cannot load RTOS API schema: s4s-elt-must-match.1: The content of 'definitions' must match (annotation?, (simpleType | complexType)?, (unique | key | keyref)*)). A problem was found starting at: attribute.
2023-10-25 14:09:38,953 [INFO] PluginManage:359 - Loaded plugin pinoutconfig (category:base,tabindex:0)
2023-10-25 14:09:38,953 [INFO] PluginManage:310 - Check plugin power
2023-10-25 14:09:38,958 [INFO] PluginManage:359 - Loaded plugin power (category:power,tabindex:4)
2023-10-25 14:09:38,958 [INFO] PluginManage:310 - Check plugin projectmanager
2023-10-25 14:09:38,967 [INFO] PluginManage:359 - Loaded plugin projectmanager (category:projectmanager,tabindex:3)
2023-10-25 14:09:38,967 [INFO] PluginManage:310 - Check plugin thirdparty
2023-10-25 14:09:39,052 [INFO] PluginManage:359 - Loaded plugin thirdparty (category:base,tabindex:-1)
2023-10-25 14:09:39,052 [WARN] IntegrityCheckThread:84 - waiting for thirdparty lock release [integrity check]
2023-10-25 14:09:39,052 [INFO] PluginManage:310 - Check plugin tools
2023-10-25 14:09:39,052 [INFO] IntegrityCheckThread:86 - entering critical section [integrity check]
2023-10-25 14:09:39,052 [INFO] ThirdPartyUpdaterWithRetryManager:70 - Updater plugin not ready yet. [1/15]
2023-10-25 14:09:39,054 [INFO] PluginManage:359 - Loaded plugin tools (category:base,tabindex:7)
2023-10-25 14:09:39,054 [INFO] PluginManage:310 - Check plugin tutovideos
2023-10-25 14:09:39,175 [INFO] PluginManage:359 - Loaded plugin tutovideos (category:base,tabindex:-1)
2023-10-25 14:09:39,175 [INFO] PluginManage:310 - Check plugin updater
2023-10-25 14:09:39,182 [INFO] PluginManage:359 - Loaded plugin updater (category:base,tabindex:12)
2023-10-25 14:09:39,182 [INFO] PluginManage:310 - Check plugin userauth
2023-10-25 14:09:39,187 [INFO] UserAuth:113 - Init User Auth plugin
2023-10-25 14:09:39,187 [INFO] PluginManage:359 - Loaded plugin userauth (category:base,tabindex:14)
2023-10-25 14:09:39,187 [INFO] PluginManage:283 - PluginManage : Loaded plugins [17]
2023-10-25 14:09:39,342 [INFO] PinOutPanel:1499 - setPackage(No Configuration,No Configuration)
2023-10-25 14:09:39,416 [INFO] CADModel:165 - CPN selected for project level
2023-10-25 14:09:39,416 [INFO] CADModel:114 - Register for checkConnection events
2023-10-25 14:09:39,430 [INFO] IPUIPlugin:80 - create IPUIPlugin
2023-10-25 14:09:39,430 [INFO] PluginManager:220 - loadIPPluginJar : add adc
2023-10-25 14:09:39,432 [INFO] IPUIPlugin:80 - create IPUIPlugin
2023-10-25 14:09:39,432 [INFO] PluginManager:220 - loadIPPluginJar : add aes
2023-10-25 14:09:39,435 [INFO] IPUIPlugin:80 - create IPUIPlugin
2023-10-25 14:09:39,435 [INFO] PluginManager:220 - loadIPPluginJar : add can
2023-10-25 14:09:39,436 [INFO] IPUIPlugin:80 - create IPUIPlugin
2023-10-25 14:09:39,436 [INFO] PluginManager:220 - loadIPPluginJar : add comp
2023-10-25 14:09:39,438 [INFO] IPUIPlugin:80 - create IPUIPlugin
2023-10-25 14:09:39,438 [INFO] PluginManager:220 - loadIPPluginJar : add cryp
2023-10-25 14:09:39,439 [INFO] IPUIPlugin:80 - create IPUIPlugin
2023-10-25 14:09:39,439 [INFO] PluginManager:220 - loadIPPluginJar : add dfsdm
2023-10-25 14:09:39,444 [INFO] IPUIPlugin:80 - create IPUIPlugin
2023-10-25 14:09:39,444 [INFO] PluginManager:220 - loadIPPluginJar : add dma
2023-10-25 14:09:39,446 [INFO] IPUIPlugin:80 - create IPUIPlugin
2023-10-25 14:09:39,446 [INFO] PluginManager:220 - loadIPPluginJar : add dma3
2023-10-25 14:09:39,447 [INFO] IPUIPlugin:80 - create IPUIPlugin
2023-10-25 14:09:39,447 [INFO] PluginManager:220 - loadIPPluginJar : add fatfs
2023-10-25 14:09:39,450 [INFO] IPUIPlugin:80 - create IPUIPlugin
2023-10-25 14:09:39,450 [INFO] PluginManager:220 - loadIPPluginJar : add fmc
2023-10-25 14:09:39,455 [INFO] IPUIPlugin:80 - create IPUIPlugin
2023-10-25 14:09:39,455 [INFO] PluginManager:220 - loadIPPluginJar : add freertos
2023-10-25 14:09:39,456 [INFO] IPUIPlugin:80 - create IPUIPlugin
2023-10-25 14:09:39,456 [INFO] PluginManager:220 - loadIPPluginJar : add genericplugin
2023-10-25 14:09:39,457 [INFO] IPUIPlugin:80 - create IPUIPlugin
2023-10-25 14:09:39,457 [INFO] PluginManager:220 - loadIPPluginJar : add gfxmmu
2023-10-25 14:09:39,460 [INFO] IPUIPlugin:80 - create IPUIPlugin
2023-10-25 14:09:39,461 [INFO] PluginManager:220 - loadIPPluginJar : add gic
2023-10-25 14:09:39,463 [INFO] IPUIPlugin:80 - create IPUIPlugin
2023-10-25 14:09:39,463 [INFO] PluginManager:220 - loadIPPluginJar : add gpio
2023-10-25 14:09:39,466 [INFO] IPUIPlugin:80 - create IPUIPlugin
2023-10-25 14:09:39,466 [INFO] PluginManager:220 - loadIPPluginJar : add gtzc
2023-10-25 14:09:39,467 [INFO] IPUIPlugin:80 - create IPUIPlugin
2023-10-25 14:09:39,467 [INFO] PluginManager:220 - loadIPPluginJar : add hash
2023-10-25 14:09:39,469 [INFO] IPUIPlugin:80 - create IPUIPlugin
2023-10-25 14:09:39,469 [INFO] PluginManager:220 - loadIPPluginJar : add i2c
2023-10-25 14:09:39,470 [INFO] IPUIPlugin:80 - create IPUIPlugin
2023-10-25 14:09:39,470 [INFO] PluginManager:220 - loadIPPluginJar : add i2s
2023-10-25 14:09:39,472 [INFO] IPUIPlugin:80 - create IPUIPlugin
2023-10-25 14:09:39,472 [INFO] PluginManager:220 - loadIPPluginJar : add i3c
2023-10-25 14:09:39,474 [INFO] IPUIPlugin:80 - create IPUIPlugin
2023-10-25 14:09:39,474 [INFO] PluginManager:220 - loadIPPluginJar : add ipddr
2023-10-25 14:09:39,479 [INFO] IPUIPlugin:80 - create IPUIPlugin
2023-10-25 14:09:39,479 [INFO] PluginManager:220 - loadIPPluginJar : add linkedlist
2023-10-25 14:09:39,480 [INFO] IPUIPlugin:80 - create IPUIPlugin
2023-10-25 14:09:39,480 [INFO] PluginManager:220 - loadIPPluginJar : add lorawan
2023-10-25 14:09:39,481 [INFO] IPUIPlugin:80 - create IPUIPlugin
2023-10-25 14:09:39,481 [INFO] PluginManager:220 - loadIPPluginJar : add ltdc
2023-10-25 14:09:39,485 [INFO] IPUIPlugin:80 - create IPUIPlugin
2023-10-25 14:09:39,485 [INFO] PluginManager:220 - loadIPPluginJar : add mdma
2023-10-25 14:09:39,487 [INFO] IPUIPlugin:80 - create IPUIPlugin
2023-10-25 14:09:39,487 [INFO] PluginManager:220 - loadIPPluginJar : add nvic
2023-10-25 14:09:39,489 [INFO] IPUIPlugin:80 - create IPUIPlugin
2023-10-25 14:09:39,489 [INFO] PluginManager:220 - loadIPPluginJar : add opamp
2023-10-25 14:09:39,492 [INFO] IPUIPlugin:80 - create IPUIPlugin
2023-10-25 14:09:39,492 [INFO] PluginManager:220 - loadIPPluginJar : add openamp
2023-10-25 14:09:39,493 [INFO] IPUIPlugin:80 - create IPUIPlugin
2023-10-25 14:09:39,493 [INFO] PluginManager:220 - loadIPPluginJar : add pdm2pcm
2023-10-25 14:09:39,497 [INFO] IPUIPlugin:80 - create IPUIPlugin
2023-10-25 14:09:39,499 [INFO] PluginManager:220 - loadIPPluginJar : add plateformsettings
2023-10-25 14:09:39,500 [INFO] IPUIPlugin:80 - create IPUIPlugin
2023-10-25 14:09:39,500 [INFO] PluginManager:220 - loadIPPluginJar : add quadspi
2023-10-25 14:09:39,502 [INFO] IPUIPlugin:80 - create IPUIPlugin
2023-10-25 14:09:39,502 [INFO] PluginManager:220 - loadIPPluginJar : add resmgrutility
2023-10-25 14:09:39,504 [INFO] IPUIPlugin:80 - create IPUIPlugin
2023-10-25 14:09:39,504 [INFO] PluginManager:220 - loadIPPluginJar : add sai
2023-10-25 14:09:39,505 [INFO] IPUIPlugin:80 - create IPUIPlugin
2023-10-25 14:09:39,506 [INFO] PluginManager:220 - loadIPPluginJar : add spi
2023-10-25 14:09:39,509 [INFO] IPUIPlugin:80 - create IPUIPlugin
2023-10-25 14:09:39,509 [INFO] PluginManager:220 - loadIPPluginJar : add stm32_wpan
2023-10-25 14:09:39,510 [INFO] IPUIPlugin:80 - create IPUIPlugin
2023-10-25 14:09:39,510 [INFO] PluginManager:220 - loadIPPluginJar : add tim
2023-10-25 14:09:39,511 [INFO] IPUIPlugin:80 - create IPUIPlugin
2023-10-25 14:09:39,511 [INFO] PluginManager:220 - loadIPPluginJar : add touchsensing
2023-10-25 14:09:39,512 [INFO] IPUIPlugin:80 - create IPUIPlugin
2023-10-25 14:09:39,512 [INFO] PluginManager:220 - loadIPPluginJar : add tracer_emb
2023-10-25 14:09:39,513 [INFO] IPUIPlugin:80 - create IPUIPlugin
2023-10-25 14:09:39,513 [INFO] PluginManager:220 - loadIPPluginJar : add ts
2023-10-25 14:09:39,514 [INFO] IPUIPlugin:80 - create IPUIPlugin
2023-10-25 14:09:39,514 [INFO] PluginManager:220 - loadIPPluginJar : add tsc
2023-10-25 14:09:39,515 [INFO] IPUIPlugin:80 - create IPUIPlugin
2023-10-25 14:09:39,515 [INFO] PluginManager:220 - loadIPPluginJar : add ucpd
2023-10-25 14:09:39,516 [INFO] IPUIPlugin:80 - create IPUIPlugin
2023-10-25 14:09:39,516 [INFO] PluginManager:220 - loadIPPluginJar : add usart
2023-10-25 14:09:39,518 [INFO] IPUIPlugin:80 - create IPUIPlugin
2023-10-25 14:09:39,518 [INFO] PluginManager:220 - loadIPPluginJar : add usbx
2023-10-25 14:09:39,623 [INFO] CADModel:165 - CPN selected for project level
2023-10-25 14:09:39,623 [INFO] CADModel:114 - Register for checkConnection events
2023-10-25 14:09:39,623 [FATAL] Updater:308 - Updater called before beeing initialized
2023-10-25 14:09:39,624 [ERROR] CADModel:125 - Updater not yet initialized, retry later 
2023-10-25 14:09:39,710 [INFO] CADModel:165 - CPN selected for project level
2023-10-25 14:09:39,710 [INFO] CADModel:114 - Register for checkConnection events
2023-10-25 14:09:39,710 [FATAL] Updater:308 - Updater called before beeing initialized
2023-10-25 14:09:39,710 [ERROR] CADModel:125 - Updater not yet initialized, retry later 
2023-10-25 14:09:39,713 [FATAL] Updater:308 - Updater called before beeing initialized
2023-10-25 14:09:39,788 [FATAL] Updater:308 - Updater called before beeing initialized
2023-10-25 14:09:39,793 [INFO] DbMcusAds:53 - JSON generation date=Tue Mar 07 05:50:55 BRT 2023 (1678179055114)
2023-10-25 14:09:39,793 [FATAL] Updater:308 - Updater called before beeing initialized
2023-10-25 14:09:39,820 [WARN] DetailPanel:346 - Failed to get advertising image, set to default
2023-10-25 14:09:39,890 [FATAL] Updater:308 - Updater called before beeing initialized
2023-10-25 14:09:39,891 [FATAL] Updater:308 - Updater called before beeing initialized
2023-10-25 14:09:39,891 [FATAL] Updater:308 - Updater called before beeing initialized
2023-10-25 14:09:39,891 [WARN] DetailPanel:346 - Failed to get advertising image, set to default
2023-10-25 14:09:39,892 [FATAL] Updater:308 - Updater called before beeing initialized
2023-10-25 14:09:39,924 [ERROR] Updater:1120 - MainUpdater not yet initialized. External WinMGr cannot be set.
2023-10-25 14:09:39,926 [INFO] Updater:1056 - Updater Version found : 6.9.0
2023-10-25 14:09:39,942 [INFO] ApplicationProperties:184 - Using Application install path: C:\ST\STM32CubeIDE_1.12.1\STM32CubeIDE\plugins\com.st.stm32cube.common.mx_6.9.0.202307051724
2023-10-25 14:09:40,387 [INFO] MainUpdater:2868 - connection check result : 10
2023-10-25 14:09:40,388 [INFO] MainUpdater:285 - Updater Check For Update Now.
2023-10-25 14:09:40,388 [INFO] MicroXplorer:498 - Change Database Version : DB.6.0.90
2023-10-25 14:09:40,391 [INFO] McuFinderGlobals:63 - Set McuFinder mode to 2 (CubeIDE integrated)
2023-10-25 14:09:40,541 [INFO] CheckServerUpdateThread:120 - End of CheckServer Thread
2023-10-25 14:09:42,135 [WARN] PackLoader:240 - Cannot read IP mode file for STMicroelectronics.X-CUBE-SMBUS.2.1.0
2023-10-25 14:09:42,156 [WARN] PackLoader:240 - Cannot read IP mode file for STMicroelectronics.X-CUBE-AZRTOS-F7.1.1.0
2023-10-25 14:09:42,163 [ERROR] RealEvaluatedCondition:428 - Found unsupported composite condition: CLASS='Data Exchange' GROUP='STM32_MetaDataManager'
2023-10-25 14:09:42,164 [ERROR] RealEvaluatedCondition:428 - Found unsupported composite condition: GROUP='STM32_MetaDataManager' CLASS='Data Exchange'
2023-10-25 14:09:42,165 [WARN] PackLoader:240 - Cannot read IP mode file for STMicroelectronics.FP-SNS-MOTENV1.4.3.0
2023-10-25 14:09:42,170 [WARN] PackLoader:240 - Cannot read IP mode file for STMicroelectronics.FP-SNS-MOTENV1.4.3.2
2023-10-25 14:09:42,174 [WARN] PackLoader:240 - Cannot read IP mode file for STMicroelectronics.FP-SNS-FLIGHT1.5.0.0
2023-10-25 14:09:42,177 [ERROR] RealEvaluatedCondition:428 - Found unsupported composite condition: GROUP='STM32_MetaDataManager' CLASS='Data Exchange'
2023-10-25 14:09:42,177 [ERROR] RealEvaluatedCondition:428 - Found unsupported composite condition: CLASS='Data Exchange' GROUP='STM32_MetaDataManager'
2023-10-25 14:09:42,178 [WARN] PackLoader:240 - Cannot read IP mode file for STMicroelectronics.FP-SNS-MOTENV1.4.3.1
2023-10-25 14:09:42,181 [WARN] PackLoader:240 - Cannot read IP mode file for STMicroelectronics.FP-SNS-FLIGHT1.5.0.1
2023-10-25 14:09:42,187 [WARN] PackLoader:240 - Cannot read IP mode file for STMicroelectronics.X-CUBE-BLE1.6.2.4
2023-10-25 14:09:42,190 [WARN] PackLoader:240 - Cannot read IP mode file for STMicroelectronics.FP-SNS-FLIGHT1.5.0.2
2023-10-25 14:09:42,196 [WARN] PackLoader:240 - Cannot read IP mode file for STMicroelectronics.X-CUBE-DISPLAY.3.0.0
2023-10-25 14:09:42,202 [WARN] PackLoader:240 - Cannot read IP mode file for STMicroelectronics.X-CUBE-BLE1.7.0.0
2023-10-25 14:09:42,206 [WARN] PackLoader:240 - Cannot read IP mode file for STMicroelectronics.X-CUBE-TOUCHGFX.4.22.0
2023-10-25 14:09:42,208 [WARN] PackLoader:240 - Cannot read IP mode file for STMicroelectronics.X-CUBE-TOUCHGFX.4.22.1
2023-10-25 14:09:42,211 [WARN] PackLoader:240 - Cannot read IP mode file for STMicroelectronics.FP-SNS-SMARTAG2.1.2.0
2023-10-25 14:09:42,219 [INFO] LogOutputStream:77 - [STDOUT_REDIRECT] 1 : Invalid condition id : UX_CORESTACK_Condition cause : null
2023-10-25 14:09:42,220 [INFO] LogOutputStream:77 - [STDOUT_REDIRECT] 1 : Invalid condition id : UX_CORESTACK_Condition cause : null
2023-10-25 14:09:42,221 [INFO] LogOutputStream:77 - [STDOUT_REDIRECT] 1 : Invalid condition id : UX_CORESTACK_Condition cause : null
2023-10-25 14:09:42,221 [INFO] LogOutputStream:77 - [STDOUT_REDIRECT] 1 : Invalid condition id : UX_CORESTACK_Condition cause : null
2023-10-25 14:09:42,222 [INFO] LogOutputStream:77 - [STDOUT_REDIRECT] 1 : Invalid condition id : UX_CORESTACK_Condition cause : null
2023-10-25 14:09:42,225 [WARN] PackLoader:240 - Cannot read IP mode file for STMicroelectronics.X-CUBE-AZRTOS-WL.2.0.0
2023-10-25 14:09:42,234 [WARN] PackLoader:240 - Cannot read IP mode file for WES.I-CUBE-Cesium.1.3.0
2023-10-25 14:09:42,238 [WARN] PackLoader:240 - Cannot read IP mode file for STMicroelectronics.X-CUBE-BLE2.3.3.0
2023-10-25 14:09:42,240 [WARN] PackLoader:240 - Cannot read IP mode file for STMicroelectronics.X-CUBE-TOUCHGFX.4.21.4
2023-10-25 14:09:42,244 [WARN] PackLoader:240 - Cannot read IP mode file for STMicroelectronics.X-CUBE-ALGOBUILD.1.3.0
2023-10-25 14:09:42,257 [WARN] PackLoader:240 - Cannot read IP mode file for STMicroelectronics.X-CUBE-AZRTOS-G0.1.1.0
2023-10-25 14:09:42,262 [WARN] PackLoader:240 - Cannot read IP mode file for STMicroelectronics.X-CUBE-NFC4.3.0.0
2023-10-25 14:09:42,266 [WARN] PackLoader:240 - Cannot read IP mode file for STMicroelectronics.FP-ATR-SIGFOX1.3.2.0
2023-10-25 14:09:42,310 [WARN] PackLoader:240 - Cannot read IP mode file for SEGGER.I-CUBE-embOS.1.3.1
2023-10-25 14:09:42,352 [WARN] PackLoader:240 - Cannot read IP mode file for STMicroelectronics.X-CUBE-GNSS1.6.0.0
2023-10-25 14:09:42,365 [WARN] PackLoader:240 - Cannot read IP mode file for STMicroelectronics.X-CUBE-AZRTOS-F4.1.1.0
2023-10-25 14:09:42,370 [WARN] PackLoader:240 - Cannot read IP mode file for wolfSSL.I-CUBE-wolfSSL.5.6.0
2023-10-25 14:09:42,381 [WARN] PackLoader:240 - Cannot read IP mode file for STMicroelectronics.X-CUBE-AZRTOS-L5.2.0.0
2023-10-25 14:09:42,410 [WARN] PackLoader:240 - Cannot read IP mode file for STMicroelectronics.X-CUBE-MEMS1.9.6.0
2023-10-25 14:09:42,518 [WARN] PackLoader:240 - Cannot read IP mode file for STMicroelectronics.X-CUBE-EEPRMA1.4.2.0
2023-10-25 14:09:42,523 [WARN] PackLoader:240 - Cannot read IP mode file for ITTIA_DB.I-CUBE-ITTIADB.8.8.0
2023-10-25 14:09:42,540 [WARN] PackLoader:240 - Cannot read IP mode file for emotas.I-CUBE-CANOPEN.1.1.3
2023-10-25 14:09:42,550 [WARN] PackLoader:240 - Cannot read IP mode file for STMicroelectronics.X-CUBE-BLEMGR.2.0.0
2023-10-25 14:09:42,570 [WARN] ConditionMgr:438 - getConditionDescription Invalid condition id : UX DEVICE CLASS RTOS Condition cause : null
2023-10-25 14:09:42,571 [WARN] ConditionMgr:438 - getConditionDescription Invalid condition id : UX DEVICE CLASS RTOS Condition cause : null
2023-10-25 14:09:42,573 [WARN] PackLoader:240 - Cannot read IP mode file for STMicroelectronics.X-CUBE-AZRTOS-H7.3.1.0
2023-10-25 14:09:42,574 [WARN] ConditionMgr:1039 - genDependencies : Invalid condition id : UX DEVICE CLASS RTOS Condition cause : null
2023-10-25 14:09:42,574 [WARN] ConditionMgr:1039 - genDependencies : Invalid condition id : UX DEVICE CLASS RTOS Condition cause : null
2023-10-25 14:09:42,575 [WARN] ConditionMgr:1039 - genDependencies : Invalid condition id : UX DEVICE CLASS RTOS Condition cause : null
2023-10-25 14:09:42,575 [WARN] ConditionMgr:1039 - genDependencies : Invalid condition id : UX DEVICE CLASS RTOS Condition cause : null
2023-10-25 14:09:42,575 [WARN] ConditionMgr:1039 - genDependencies : Invalid condition id : UX DEVICE CLASS RTOS Condition cause : null
2023-10-25 14:09:42,580 [WARN] PackLoader:240 - Cannot read IP mode file for STMicroelectronics.X-CUBE-NFC7.1.0.1
2023-10-25 14:09:42,584 [WARN] PackLoader:240 - Cannot read IP mode file for STMicroelectronics.X-CUBE-NFC7.1.0.0
2023-10-25 14:09:42,590 [WARN] PackLoader:240 - Cannot read IP mode file for STMicroelectronics.X-CUBE-NFC6.3.0.0
2023-10-25 14:09:42,595 [WARN] PackLoader:240 - Cannot read IP mode file for STMicroelectronics.X-CUBE-EEPRMA1.4.1.0
2023-10-25 14:09:42,601 [WARN] PackLoader:240 - Cannot read IP mode file for STMicroelectronics.X-CUBE-AI.8.1.0
2023-10-25 14:09:42,613 [WARN] ConditionMgr:438 - getConditionDescription Invalid condition id : LAN8742 Phy interface Condition cause : null
2023-10-25 14:09:42,614 [WARN] PackLoader:240 - Cannot read IP mode file for STMicroelectronics.X-CUBE-AZRTOS-L4.2.0.0
2023-10-25 14:09:42,614 [WARN] ConditionMgr:1039 - genDependencies : Invalid condition id : LAN8742 Phy interface Condition cause : null
2023-10-25 14:09:42,614 [WARN] ConditionMgr:1039 - genDependencies : Invalid condition id : LAN8742 Phy interface Condition cause : null
2023-10-25 14:09:42,615 [WARN] ConditionMgr:1039 - genDependencies : Invalid condition id : LAN8742 Phy interface Condition cause : null
2023-10-25 14:09:42,620 [WARN] PackLoader:240 - Cannot read IP mode file for STMicroelectronics.X-CUBE-SFXS2LP1.4.0.0
2023-10-25 14:09:42,623 [WARN] PackLoader:240 - Cannot read IP mode file for STMicroelectronics.X-CUBE-ISPU.1.1.0
2023-10-25 14:09:42,634 [WARN] ConditionMgr:438 - getConditionDescription Invalid condition id : UX DEVICE CLASS RTOS Condition cause : null
2023-10-25 14:09:42,634 [WARN] ConditionMgr:438 - getConditionDescription Invalid condition id : UX DEVICE CLASS RTOS Condition cause : null
2023-10-25 14:09:42,636 [WARN] PackLoader:240 - Cannot read IP mode file for STMicroelectronics.X-CUBE-AZRTOS-WB.2.0.0
2023-10-25 14:09:42,636 [WARN] ConditionMgr:1039 - genDependencies : Invalid condition id : UX DEVICE CLASS RTOS Condition cause : null
2023-10-25 14:09:42,636 [WARN] ConditionMgr:1039 - genDependencies : Invalid condition id : UX DEVICE CLASS RTOS Condition cause : null
2023-10-25 14:09:42,637 [WARN] ConditionMgr:1039 - genDependencies : Invalid condition id : UX DEVICE CLASS RTOS Condition cause : null
2023-10-25 14:09:42,637 [WARN] ConditionMgr:1039 - genDependencies : Invalid condition id : UX DEVICE CLASS RTOS Condition cause : null
2023-10-25 14:09:42,637 [WARN] ConditionMgr:1039 - genDependencies : Invalid condition id : UX DEVICE CLASS RTOS Condition cause : null
2023-10-25 14:09:42,641 [WARN] PackLoader:240 - Cannot read IP mode file for STMicroelectronics.X-CUBE-FREERTOS.1.0.1
2023-10-25 14:09:42,652 [WARN] PackLoader:240 - Cannot read IP mode file for STMicroelectronics.X-CUBE-AZRTOS-L5.1.1.0
2023-10-25 14:09:42,658 [WARN] PackLoader:240 - Cannot read IP mode file for STMicroelectronics.X-CUBE-AI.8.0.1
2023-10-25 14:09:42,666 [WARN] PackLoader:240 - Cannot read IP mode file for STMicroelectronics.X-CUBE-SUBG2.5.0.0
2023-10-25 14:09:42,678 [WARN] PackLoader:240 - Cannot read IP mode file for STMicroelectronics.X-CUBE-TOF1.3.3.1
2023-10-25 14:09:42,691 [WARN] PackLoader:240 - Cannot read IP mode file for STMicroelectronics.X-CUBE-AZRTOS-G4.2.0.0
2023-10-25 14:09:42,697 [WARN] PackLoader:240 - Cannot read IP mode file for STMicroelectronics.X-CUBE-TOF1.3.3.0
2023-10-25 14:09:42,710 [WARN] PackLoader:240 - Cannot read IP mode file for Infineon.AIROC-Wi-Fi-Bluetooth-STM32.1.5.1
2023-10-25 14:09:42,722 [WARN] PackLoader:240 - Cannot read IP mode file for STMicroelectronics.X-CUBE-AZRTOS-L4.1.0.0
2023-10-25 14:09:42,748 [WARN] PackLoader:240 - Cannot read IP mode file for STMicroelectronics.X-CUBE-MEMS1.10.0.0
2023-10-25 14:09:42,810 [WARN] PackLoader:240 - Cannot read IP mode file for STMicroelectronics.X-CUBE-FREERTOS.1.1.0
2023-10-25 14:09:42,815 [WARN] PackLoader:240 - Cannot read IP mode file for STMicroelectronics.X-CUBE-AZRTOS-WL.1.0.0
2023-10-25 14:09:42,819 [WARN] PackLoader:240 - Cannot read IP mode file for portGmbH.I-Cube-SoM-uGOAL.1.1.0
2023-10-25 14:09:42,823 [WARN] PackLoader:240 - Cannot read IP mode file for STMicroelectronics.X-CUBE-ALS.1.0.1
2023-10-25 14:09:42,829 [WARN] PackLoader:240 - Cannot read IP mode file for STMicroelectronics.X-CUBE-AZRTOS-WB.1.1.0
2023-10-25 14:09:42,834 [WARN] PackLoader:240 - Cannot read IP mode file for STMicroelectronics.FP-ATR-ASTRA1.2.0.0
2023-10-25 14:09:42,834 [INFO] ThirdParty:978 - Integrity check success = true
2023-10-25 14:09:42,835 [INFO] IntegrityCheckThread:100 - exiting critical section [integrity check]
2023-10-25 14:09:42,835 [INFO] IntegrityCheckThread:103 - End integrity checks thread
2023-10-25 14:09:45,039 [INFO] McuFinderGlobals:63 - Set McuFinder mode to 2 (CubeIDE integrated)
2023-10-25 14:09:45,041 [INFO] MainUpdater:2868 - connection check result : 10
2023-10-25 14:09:45,048 [INFO] McuFinderGlobals:76 - Set McuFinderConnectedMode to true
2023-10-25 14:09:45,215 [INFO] ServerAccessManage:473 - Download File mcusAds.json._tmp_
2023-10-25 14:09:45,325 [INFO] LoadUrlFilesThread:156 - End of LoadUrlFiles Thread
2023-10-25 14:09:45,480 [INFO] ServerAccessManage:473 - Download File cube-finder-db.zip
2023-10-25 14:09:47,795 [INFO] FileExtend:240 - Unzip File : cube-finder-db.zip
2023-10-25 14:09:47,796 [INFO] FileExtend:255 - Standard Zip Deflate
2023-10-25 14:09:48,279 [INFO] LoadUrlFilesThread:156 - End of LoadUrlFiles Thread
2023-10-25 14:09:49,666 [INFO] ServerAccessManage:473 - Download File crdb.zip
2023-10-25 14:09:50,814 [INFO] FileExtend:240 - Unzip File : crdb.zip
2023-10-25 14:09:50,814 [INFO] FileExtend:255 - Standard Zip Deflate
2023-10-25 14:09:50,940 [INFO] LoadUrlFilesThread:156 - End of LoadUrlFiles Thread
2023-10-25 14:09:51,072 [INFO] ServerAccessManage:473 - Download File tutoVideoDB.zip
2023-10-25 14:09:51,079 [INFO] FileExtend:240 - Unzip File : tutoVideoDB.zip
2023-10-25 14:09:51,080 [INFO] FileExtend:255 - Standard Zip Deflate
2023-10-25 14:09:51,195 [INFO] LoadUrlFilesThread:156 - End of LoadUrlFiles Thread
2023-10-25 14:09:51,197 [WARN] DbFile:41 - Overriding database path with different value: C:\Users\fabio\.stmcufinder\plugins\mcufinder/ => C:\Users\fabio\.stmcufinder\plugins\mcufinder
2023-10-25 14:09:51,358 [INFO] ServerAccessManage:473 - Download File api_config.json
2023-10-25 14:09:51,467 [INFO] LoadUrlFilesThread:156 - End of LoadUrlFiles Thread
2023-10-25 14:09:51,467 [INFO] DbMcusAds:53 - JSON generation date=Tue Mar 07 05:50:55 BRT 2023 (1678179055114)
2023-10-25 14:09:51,480 [INFO] LoadUrlFilesThread:185 - End of LoadServerUrlFiles without Thread
2023-10-25 14:09:51,480 [INFO] TargetSelectorAdapter:259 - Refresh data is successful
2023-10-25 14:09:51,565 [INFO] ApiDb:581 - Connected to CubeFinder SQLite database (C:\Users\fabio\.stmcufinder\plugins\mcufinder\mcu\cube-finder-db.db)
2023-10-25 14:09:51,602 [INFO] ApiDb:668 - CubeFinder database Data Model version=2.1
2023-10-25 14:09:51,603 [INFO] ApiDb:669 - CubeFinder database Configuration version=3.0.37
2023-10-25 14:09:51,603 [INFO] ApiDb:670 - CubeFinder database generation date=2023-10-13 (1697197505)
2023-10-25 14:09:51,603 [INFO] ApiDb:671 - CubeFinder database FW Pack versions=[FP-ATR-ASTRA1_V2.0.0, FP-SNS-FLIGHT1_V5.0.1, FP-SNS-FLIGHT1_V5.0.2, FP-SNS-MOTENV1_V4.3.1, FP-SNS-MOTENV1_V4.3.2, FP-SNS-SMARTAG2_V1.2.0, I-CUBE-ITTIADB_V8.6.3-1, STM32Cube_FW_C0_V1.1.0, STM32Cube_FW_F4_V1.27.1, STM32Cube_FW_F7_V1.17.0, STM32Cube_FW_G0_V1.6.1, STM32Cube_FW_G4_V1.5.1, STM32Cube_FW_H5_V0.5.1, STM32Cube_FW_H5_V1.1.1, STM32Cube_FW_H7_V1.11.0, STM32Cube_FW_L0_V1.12.2, STM32Cube_FW_L5_V1.5.0, STM32Cube_FW_U5_V1.3.0, STM32Cube_FW_U5_V1.3.0RC4, STM32Cube_FW_WBA_V1.0.0RC1, STM32Cube_FW_WBA_V1.1.0RC1, STM32Cube_FW_WBA_V1.1.1, STM32Cube_FW_WB_V1.15.0RC1, STM32Cube_FW_WB_V1.16.0, STM32Cube_FW_WB_V1.16.0RC2, STM32Cube_FW_WB_V1.17.3, STM32Cube_FW_WL_V1.3.0, X-CUBE-ALGOBUILD_V1.3.0, X-CUBE-ALS_V1.0.1, X-CUBE-AZRTOS-F4_V1.1.0, X-CUBE-AZRTOS-F7_V1.1.0, X-CUBE-AZRTOS-G0_V1.1.0, X-CUBE-AZRTOS-G4_V2.0.0, X-CUBE-AZRTOS-H7_V3.1.0, X-CUBE-AZRTOS-L4_V1.0.0, X-CUBE-AZRTOS-L4_V2.0.0, X-CUBE-AZRTOS-L5_V1.1.0, X-CUBE-AZRTOS-WB_V2.0.0, X-CUBE-AZRTOS-WL_V2.0.0, X-CUBE-BLE1_V7.0.0, X-CUBE-BLE2_V3.3.0, X-CUBE-BLEMGR_V2.0.0, X-CUBE-EEPRMA1_V4.1.0, X-CUBE-FREERTOS_V1.1.0, X-CUBE-GNSS1_V6.0.0, X-CUBE-MEMS1_V10.0.0, X-CUBE-MEMS1_V9.1.0, X-CUBE-MEMS1_V9.4.0, X-CUBE-MEMS1_V9.6.0, X-CUBE-NFC4_V3.0.0, X-CUBE-NFC7_V1.0.1, X-CUBE-SFXS2LP1_V4.0.0, X-CUBE-SUBG2_V5.0.0, X-CUBE-TOF1_V3.3.1]
2023-10-25 14:09:52,785 [INFO] ApiDb:240 - Found 323 in-development CPN: [B-G473E-ZEST1S, B-WB1M-WPAN1, B-WL5M-SUBG1, NUCLEO-C031C6, NUCLEO-H503RB, NUCLEO-H563ZI, NUCLEO-U545RE-Q, NUCLEO-U5A5ZJ-Q, NUCLEO-WBA52CG, STEVAL-PROTEUS1, STEVAL-SMARTAG2, STEVAL-STWINBX1, STM320518-EVAL, STM32C0116-DK, STM32C011D6Y3TR, STM32C011D6Y6TR, STM32C011F4P3, STM32C011F4P6, STM32C011F4U3, STM32C011F4U6TR, STM32C011F6P3, STM32C011F6P6, STM32C011F6U3, STM32C011F6U6TR, STM32C011J4M3, STM32C011J4M6, STM32C011J6M3, STM32C011J6M6, STM32C0316-DK, STM32C031C4T3, STM32C031C4T6, STM32C031C4U3, STM32C031C4U6, STM32C031C6T3, STM32C031C6T6, STM32C031C6U3, STM32C031C6U6, STM32C031F4P3, STM32C031F4P6, STM32C031F6P3, STM32C031F6P6, STM32C031G4U3, STM32C031G4U6, STM32C031G6U3, STM32C031G6U6, STM32C031K4T3, STM32C031K4T6, STM32C031K4U3, STM32C031K4U6, STM32C031K6T3, STM32C031K6T6, STM32C031K6U3, STM32C031K6U6, STM32G071K8TXN, STM32G071K8UXN, STM32G081GBU6N, STM32G081KBT6N, STM32G081KBUXN, STM32G0B1CCT6N, STM32G0B1KCT6, STM32G0B1NEY6TR, STM32G0B1RCT6N, STM32G0C1CCT6, STM32G0C1CCT6N, STM32G0C1CCU6N, STM32G0C1CET6N, STM32G0C1CEU6N, STM32G0C1KCT6, STM32G0C1NEY6TR, STM32G0C1RCI6N, STM32G0C1RCT6N, STM32G0C1REI6N, STM32G0C1RET6N, STM32G0C1VCI6, STM32G0C1VEI6, STM32G471CCT6, STM32G471CCU6, STM32G471CET3, STM32G471CET6, STM32G471CEU3, STM32G471CEU6, STM32G471MCT6, STM32G471MET3, STM32G471MET6, STM32G471MEY6TR, STM32G471QCT6, STM32G471QET3, STM32G471RCT6, STM32G471RET3, STM32G471RET6, STM32G471VCH6, STM32G471VCI6, STM32G471VCT6, STM32G471VEH3, STM32G471VEH6, STM32G471VEI3, STM32G471VEI6, STM32G471VET3, STM32G471VET6, STM32G474CCT6, STM32H503CBT6, STM32H503CBU6, STM32H503EBY6TR, STM32H503KBU6, STM32H503RBT6, STM32H562AGI6, STM32H562AII6, STM32H562IGK6, STM32H562IGT6, STM32H562IIK6, STM32H562IIT6, STM32H562RGT6, STM32H562RGV6, STM32H562RIT6, STM32H562RIV6, STM32H562VGT6, STM32H562VIT6, STM32H562ZGT6, STM32H562ZIT6, STM32H563AGI6, STM32H563AII3Q, STM32H563AII6, STM32H563IGK6, STM32H563IGT6, STM32H563IIK3Q, STM32H563IIK6, STM32H563IIT3Q, STM32H563IIT6, STM32H563MIY3QTR, STM32H563RGT6, STM32H563RGV6, STM32H563RIT6, STM32H563RIV6, STM32H563VGT6, STM32H563VIT3Q, STM32H563VIT6, STM32H563ZGT6, STM32H563ZIT3Q, STM32H563ZIT6, STM32H573AII3Q, STM32H573AII6, STM32H573I-DK, STM32H573IIK3Q, STM32H573IIK6, STM32H573IIT3Q, STM32H573IIT6, STM32H573MIY3QTR, STM32H573RIT6, STM32H573RIV6, STM32H573VIT3Q, STM32H573VIT6, STM32H573ZIT3Q, STM32H573ZIT6, STM32L4R5QGI6STR, STM32MP131AAE3, STM32MP131AAF3, STM32MP131AAG3, STM32MP131CAE3, STM32MP131CAF3, STM32MP131CAG3, STM32MP131DAE7, STM32MP131DAF7, STM32MP131DAG7, STM32MP131FAE7, STM32MP131FAF7, STM32MP131FAG7, STM32MP133AAE3, STM32MP133AAF3, STM32MP133AAG3, STM32MP133CAE3, STM32MP133CAF3, STM32MP133CAG3, STM32MP133DAE7, STM32MP133DAF7, STM32MP133DAG7, STM32MP133FAE7, STM32MP133FAF7, STM32MP133FAG7, STM32MP135AAE3, STM32MP135AAF3, STM32MP135AAG3, STM32MP135CAE3, STM32MP135CAF3, STM32MP135CAG3, STM32MP135DAE7, STM32MP135DAF7, STM32MP135DAG7, STM32MP135F-DK, STM32MP135FAE7, STM32MP135FAF7, STM32MP135FAF7T, STM32MP135FAF7U, STM32MP135FAG7, STM32U535CBT6, STM32U535CBT6Q, STM32U535CBU6, STM32U535CBU6Q, STM32U535CCT6, STM32U535CCT6Q, STM32U535CCU6, STM32U535CCU6Q, STM32U535CET6, STM32U535CET6Q, STM32U535CEU6, STM32U535CEU6Q, STM32U535JEY6QTR, STM32U535NCY6QTR, STM32U535NEY6QTR, STM32U535RBI6, STM32U535RBI6Q, STM32U535RBT6, STM32U535RBT6Q, STM32U535RCI6, STM32U535RCI6Q, STM32U535RCT6, STM32U535RCT6Q, STM32U535REI6, STM32U535REI6Q, STM32U535RET6, STM32U535RET6Q, STM32U535VCI6, STM32U535VCI6Q, STM32U535VCT6, STM32U535VCT6Q, STM32U535VEI6, STM32U535VEI6Q, STM32U535VET6, STM32U535VET6Q, STM32U545CET6, STM32U545CET6Q, STM32U545CEU6, STM32U545CEU6Q, STM32U545JEY6QTR, STM32U545NEY6QTR, STM32U545REI6, STM32U545REI6Q, STM32U545RET6, STM32U545RET6Q, STM32U545VEI6, STM32U545VEI6Q, STM32U545VET6, STM32U545VET6Q, STM32U595AIH6, STM32U595AIH6Q, STM32U595AJH6, STM32U595AJH6Q, STM32U595QII6, STM32U595QII6Q, STM32U595QJI6, STM32U595QJI6Q, STM32U595RIT6, STM32U595RIT6Q, STM32U595RJT6, STM32U595RJT6Q, STM32U595VIT6, STM32U595VIT6Q, STM32U595VJT6, STM32U595VJT6Q, STM32U595ZIT6, STM32U595ZIT6Q, STM32U595ZIY6QTR, STM32U595ZJT6, STM32U595ZJT6Q, STM32U595ZJY6QTR, STM32U599BJY6QTR, STM32U599NIH6Q, STM32U599NJH6Q, STM32U599VIT6Q, STM32U599VJT6, STM32U599VJT6Q, STM32U599ZIT6Q, STM32U599ZIY6QTR, STM32U599ZJT6Q, STM32U599ZJY6QTR, STM32U5A5AJH6, STM32U5A5AJH6Q, STM32U5A5QJI6, STM32U5A5QJI6Q, STM32U5A5RJT6, STM32U5A5RJT6Q, STM32U5A5VJT6, STM32U5A5VJT6Q, STM32U5A5ZJT6, STM32U5A5ZJT6Q, STM32U5A5ZJY6QTR, STM32U5A9BJY6QTR, STM32U5A9J-DK, STM32U5A9NJH6Q, STM32U5A9VJT6Q, STM32U5A9ZJT6Q, STM32U5A9ZJY6QTR, STM32U5F7VIT6, STM32U5F7VIT6Q, STM32U5F7VJT6, STM32U5F7VJT6Q, STM32U5F9BJY6QTR, STM32U5F9NJH6Q, STM32U5F9VIT6Q, STM32U5F9VJT6Q, STM32U5F9ZIJ6QTR, STM32U5F9ZIT6Q, STM32U5F9ZJJ6QTR, STM32U5F9ZJT6Q, STM32U5G7VJT6, STM32U5G7VJT6Q, STM32U5G9BJY6QTR, STM32U5G9J-DK1, STM32U5G9J-DK2, STM32U5G9NJH6Q, STM32U5G9VJT6Q, STM32U5G9ZJJ6QTR, STM32U5G9ZJT6Q, STM32WB1MMCH6, STM32WBA52CEU6, STM32WBA52CEU6T, STM32WBA52CGU6, STM32WBA52CGU6T, STM32WBA52KEU6, STM32WBA52KEU6T, STM32WBA52KGU6, STM32WBA52KGU6T, STM32WL5MOCH6, STM32WL5MOCH6TR]
2023-10-25 14:09:52,790 [INFO] DbMcus:217 - Found 3848 MCUs, 3848 are supported
2023-10-25 14:09:52,790 [INFO] ApiDb:423 - Load user favorites file C:\Users\fabio/.stm32cubeide/favorites.mcus.txt: 0 item(s)
2023-10-25 14:09:52,790 [INFO] ApiDb:427 - User favorites MCUs=[]
2023-10-25 14:09:52,790 [INFO] DbMcus:223 - Set 0 / 0 favorites MCUs
2023-10-25 14:09:52,937 [INFO] ApiDb:668 - CubeFinder database Data Model version=2.1
2023-10-25 14:09:52,937 [INFO] ApiDb:669 - CubeFinder database Configuration version=3.0.37
2023-10-25 14:09:52,937 [INFO] ApiDb:670 - CubeFinder database generation date=2023-10-13 (1697197505)
2023-10-25 14:09:52,937 [INFO] ApiDb:671 - CubeFinder database FW Pack versions=[FP-ATR-ASTRA1_V2.0.0, FP-SNS-FLIGHT1_V5.0.1, FP-SNS-FLIGHT1_V5.0.2, FP-SNS-MOTENV1_V4.3.1, FP-SNS-MOTENV1_V4.3.2, FP-SNS-SMARTAG2_V1.2.0, I-CUBE-ITTIADB_V8.6.3-1, STM32Cube_FW_C0_V1.1.0, STM32Cube_FW_F4_V1.27.1, STM32Cube_FW_F7_V1.17.0, STM32Cube_FW_G0_V1.6.1, STM32Cube_FW_G4_V1.5.1, STM32Cube_FW_H5_V0.5.1, STM32Cube_FW_H5_V1.1.1, STM32Cube_FW_H7_V1.11.0, STM32Cube_FW_L0_V1.12.2, STM32Cube_FW_L5_V1.5.0, STM32Cube_FW_U5_V1.3.0, STM32Cube_FW_U5_V1.3.0RC4, STM32Cube_FW_WBA_V1.0.0RC1, STM32Cube_FW_WBA_V1.1.0RC1, STM32Cube_FW_WBA_V1.1.1, STM32Cube_FW_WB_V1.15.0RC1, STM32Cube_FW_WB_V1.16.0, STM32Cube_FW_WB_V1.16.0RC2, STM32Cube_FW_WB_V1.17.3, STM32Cube_FW_WL_V1.3.0, X-CUBE-ALGOBUILD_V1.3.0, X-CUBE-ALS_V1.0.1, X-CUBE-AZRTOS-F4_V1.1.0, X-CUBE-AZRTOS-F7_V1.1.0, X-CUBE-AZRTOS-G0_V1.1.0, X-CUBE-AZRTOS-G4_V2.0.0, X-CUBE-AZRTOS-H7_V3.1.0, X-CUBE-AZRTOS-L4_V1.0.0, X-CUBE-AZRTOS-L4_V2.0.0, X-CUBE-AZRTOS-L5_V1.1.0, X-CUBE-AZRTOS-WB_V2.0.0, X-CUBE-AZRTOS-WL_V2.0.0, X-CUBE-BLE1_V7.0.0, X-CUBE-BLE2_V3.3.0, X-CUBE-BLEMGR_V2.0.0, X-CUBE-EEPRMA1_V4.1.0, X-CUBE-FREERTOS_V1.1.0, X-CUBE-GNSS1_V6.0.0, X-CUBE-MEMS1_V10.0.0, X-CUBE-MEMS1_V9.1.0, X-CUBE-MEMS1_V9.4.0, X-CUBE-MEMS1_V9.6.0, X-CUBE-NFC4_V3.0.0, X-CUBE-NFC7_V1.0.1, X-CUBE-SFXS2LP1_V4.0.0, X-CUBE-SUBG2_V5.0.0, X-CUBE-TOF1_V3.3.1]
2023-10-25 14:09:52,973 [INFO] DbBoardsSqlite:226 - include board P-NUCLEO-WB55-NUCLEO as a kit item of type 'Nucleo-64'
2023-10-25 14:09:52,973 [INFO] DbBoardsSqlite:226 - include board P-NUCLEO-WB55-USBDONGLE as a kit item of type 'Nucleo USB Dongle'
2023-10-25 14:09:52,973 [INFO] DbBoardsSqlite:226 - include board STEVAL-IDP005V1 as a kit item of type 'Evaluation Board'
2023-10-25 14:09:52,973 [INFO] DbBoardsSqlite:226 - include board STEVAL-IDP005V2 as a kit item of type 'Evaluation Board'
2023-10-25 14:09:53,003 [INFO] ApiDb:240 - Found 323 in-development CPN: [B-G473E-ZEST1S, B-WB1M-WPAN1, B-WL5M-SUBG1, NUCLEO-C031C6, NUCLEO-H503RB, NUCLEO-H563ZI, NUCLEO-U545RE-Q, NUCLEO-U5A5ZJ-Q, NUCLEO-WBA52CG, STEVAL-PROTEUS1, STEVAL-SMARTAG2, STEVAL-STWINBX1, STM320518-EVAL, STM32C0116-DK, STM32C011D6Y3TR, STM32C011D6Y6TR, STM32C011F4P3, STM32C011F4P6, STM32C011F4U3, STM32C011F4U6TR, STM32C011F6P3, STM32C011F6P6, STM32C011F6U3, STM32C011F6U6TR, STM32C011J4M3, STM32C011J4M6, STM32C011J6M3, STM32C011J6M6, STM32C0316-DK, STM32C031C4T3, STM32C031C4T6, STM32C031C4U3, STM32C031C4U6, STM32C031C6T3, STM32C031C6T6, STM32C031C6U3, STM32C031C6U6, STM32C031F4P3, STM32C031F4P6, STM32C031F6P3, STM32C031F6P6, STM32C031G4U3, STM32C031G4U6, STM32C031G6U3, STM32C031G6U6, STM32C031K4T3, STM32C031K4T6, STM32C031K4U3, STM32C031K4U6, STM32C031K6T3, STM32C031K6T6, STM32C031K6U3, STM32C031K6U6, STM32G071K8TXN, STM32G071K8UXN, STM32G081GBU6N, STM32G081KBT6N, STM32G081KBUXN, STM32G0B1CCT6N, STM32G0B1KCT6, STM32G0B1NEY6TR, STM32G0B1RCT6N, STM32G0C1CCT6, STM32G0C1CCT6N, STM32G0C1CCU6N, STM32G0C1CET6N, STM32G0C1CEU6N, STM32G0C1KCT6, STM32G0C1NEY6TR, STM32G0C1RCI6N, STM32G0C1RCT6N, STM32G0C1REI6N, STM32G0C1RET6N, STM32G0C1VCI6, STM32G0C1VEI6, STM32G471CCT6, STM32G471CCU6, STM32G471CET3, STM32G471CET6, STM32G471CEU3, STM32G471CEU6, STM32G471MCT6, STM32G471MET3, STM32G471MET6, STM32G471MEY6TR, STM32G471QCT6, STM32G471QET3, STM32G471RCT6, STM32G471RET3, STM32G471RET6, STM32G471VCH6, STM32G471VCI6, STM32G471VCT6, STM32G471VEH3, STM32G471VEH6, STM32G471VEI3, STM32G471VEI6, STM32G471VET3, STM32G471VET6, STM32G474CCT6, STM32H503CBT6, STM32H503CBU6, STM32H503EBY6TR, STM32H503KBU6, STM32H503RBT6, STM32H562AGI6, STM32H562AII6, STM32H562IGK6, STM32H562IGT6, STM32H562IIK6, STM32H562IIT6, STM32H562RGT6, STM32H562RGV6, STM32H562RIT6, STM32H562RIV6, STM32H562VGT6, STM32H562VIT6, STM32H562ZGT6, STM32H562ZIT6, STM32H563AGI6, STM32H563AII3Q, STM32H563AII6, STM32H563IGK6, STM32H563IGT6, STM32H563IIK3Q, STM32H563IIK6, STM32H563IIT3Q, STM32H563IIT6, STM32H563MIY3QTR, STM32H563RGT6, STM32H563RGV6, STM32H563RIT6, STM32H563RIV6, STM32H563VGT6, STM32H563VIT3Q, STM32H563VIT6, STM32H563ZGT6, STM32H563ZIT3Q, STM32H563ZIT6, STM32H573AII3Q, STM32H573AII6, STM32H573I-DK, STM32H573IIK3Q, STM32H573IIK6, STM32H573IIT3Q, STM32H573IIT6, STM32H573MIY3QTR, STM32H573RIT6, STM32H573RIV6, STM32H573VIT3Q, STM32H573VIT6, STM32H573ZIT3Q, STM32H573ZIT6, STM32L4R5QGI6STR, STM32MP131AAE3, STM32MP131AAF3, STM32MP131AAG3, STM32MP131CAE3, STM32MP131CAF3, STM32MP131CAG3, STM32MP131DAE7, STM32MP131DAF7, STM32MP131DAG7, STM32MP131FAE7, STM32MP131FAF7, STM32MP131FAG7, STM32MP133AAE3, STM32MP133AAF3, STM32MP133AAG3, STM32MP133CAE3, STM32MP133CAF3, STM32MP133CAG3, STM32MP133DAE7, STM32MP133DAF7, STM32MP133DAG7, STM32MP133FAE7, STM32MP133FAF7, STM32MP133FAG7, STM32MP135AAE3, STM32MP135AAF3, STM32MP135AAG3, STM32MP135CAE3, STM32MP135CAF3, STM32MP135CAG3, STM32MP135DAE7, STM32MP135DAF7, STM32MP135DAG7, STM32MP135F-DK, STM32MP135FAE7, STM32MP135FAF7, STM32MP135FAF7T, STM32MP135FAF7U, STM32MP135FAG7, STM32U535CBT6, STM32U535CBT6Q, STM32U535CBU6, STM32U535CBU6Q, STM32U535CCT6, STM32U535CCT6Q, STM32U535CCU6, STM32U535CCU6Q, STM32U535CET6, STM32U535CET6Q, STM32U535CEU6, STM32U535CEU6Q, STM32U535JEY6QTR, STM32U535NCY6QTR, STM32U535NEY6QTR, STM32U535RBI6, STM32U535RBI6Q, STM32U535RBT6, STM32U535RBT6Q, STM32U535RCI6, STM32U535RCI6Q, STM32U535RCT6, STM32U535RCT6Q, STM32U535REI6, STM32U535REI6Q, STM32U535RET6, STM32U535RET6Q, STM32U535VCI6, STM32U535VCI6Q, STM32U535VCT6, STM32U535VCT6Q, STM32U535VEI6, STM32U535VEI6Q, STM32U535VET6, STM32U535VET6Q, STM32U545CET6, STM32U545CET6Q, STM32U545CEU6, STM32U545CEU6Q, STM32U545JEY6QTR, STM32U545NEY6QTR, STM32U545REI6, STM32U545REI6Q, STM32U545RET6, STM32U545RET6Q, STM32U545VEI6, STM32U545VEI6Q, STM32U545VET6, STM32U545VET6Q, STM32U595AIH6, STM32U595AIH6Q, STM32U595AJH6, STM32U595AJH6Q, STM32U595QII6, STM32U595QII6Q, STM32U595QJI6, STM32U595QJI6Q, STM32U595RIT6, STM32U595RIT6Q, STM32U595RJT6, STM32U595RJT6Q, STM32U595VIT6, STM32U595VIT6Q, STM32U595VJT6, STM32U595VJT6Q, STM32U595ZIT6, STM32U595ZIT6Q, STM32U595ZIY6QTR, STM32U595ZJT6, STM32U595ZJT6Q, STM32U595ZJY6QTR, STM32U599BJY6QTR, STM32U599NIH6Q, STM32U599NJH6Q, STM32U599VIT6Q, STM32U599VJT6, STM32U599VJT6Q, STM32U599ZIT6Q, STM32U599ZIY6QTR, STM32U599ZJT6Q, STM32U599ZJY6QTR, STM32U5A5AJH6, STM32U5A5AJH6Q, STM32U5A5QJI6, STM32U5A5QJI6Q, STM32U5A5RJT6, STM32U5A5RJT6Q, STM32U5A5VJT6, STM32U5A5VJT6Q, STM32U5A5ZJT6, STM32U5A5ZJT6Q, STM32U5A5ZJY6QTR, STM32U5A9BJY6QTR, STM32U5A9J-DK, STM32U5A9NJH6Q, STM32U5A9VJT6Q, STM32U5A9ZJT6Q, STM32U5A9ZJY6QTR, STM32U5F7VIT6, STM32U5F7VIT6Q, STM32U5F7VJT6, STM32U5F7VJT6Q, STM32U5F9BJY6QTR, STM32U5F9NJH6Q, STM32U5F9VIT6Q, STM32U5F9VJT6Q, STM32U5F9ZIJ6QTR, STM32U5F9ZIT6Q, STM32U5F9ZJJ6QTR, STM32U5F9ZJT6Q, STM32U5G7VJT6, STM32U5G7VJT6Q, STM32U5G9BJY6QTR, STM32U5G9J-DK1, STM32U5G9J-DK2, STM32U5G9NJH6Q, STM32U5G9VJT6Q, STM32U5G9ZJJ6QTR, STM32U5G9ZJT6Q, STM32WB1MMCH6, STM32WBA52CEU6, STM32WBA52CEU6T, STM32WBA52CGU6, STM32WBA52CGU6T, STM32WBA52KEU6, STM32WBA52KEU6T, STM32WBA52KGU6, STM32WBA52KGU6T, STM32WL5MOCH6, STM32WL5MOCH6TR]
2023-10-25 14:09:53,074 [INFO] BoardInfo:880 - No configuration file found for board P-NUCLEO-WB55
2023-10-25 14:09:53,074 [INFO] DbBoards:157 - Kit is not supported: P-NUCLEO-WB55
2023-10-25 14:09:53,077 [INFO] BoardInfo:880 - No configuration file found for board STEVAL-BFA001V1B
2023-10-25 14:09:53,077 [INFO] DbBoards:157 - Kit is not supported: STEVAL-BFA001V1B
2023-10-25 14:09:53,077 [INFO] BoardInfo:880 - No configuration file found for board STEVAL-BFA001V2B
2023-10-25 14:09:53,077 [INFO] DbBoards:157 - Kit is not supported: STEVAL-BFA001V2B
2023-10-25 14:09:53,139 [INFO] DbBoards:161 - Found 190 boards, 187 are supported
2023-10-25 14:09:53,145 [INFO] ApiDb:423 - Load user favorites file C:\Users\fabio/.stm32cubeide/favorites.boards.txt: 2 item(s)
2023-10-25 14:09:53,145 [INFO] ApiDb:427 - User favorites Boards=[STM32C0116-DK, STM32F072B-DISCO]
2023-10-25 14:09:53,145 [INFO] DbBoards:190 - Set 2 / 2 favorites Boards
2023-10-25 14:09:53,147 [INFO] ApiDb:668 - CubeFinder database Data Model version=2.1
2023-10-25 14:09:53,147 [INFO] ApiDb:669 - CubeFinder database Configuration version=3.0.37
2023-10-25 14:09:53,147 [INFO] ApiDb:670 - CubeFinder database generation date=2023-10-13 (1697197505)
2023-10-25 14:09:53,147 [INFO] ApiDb:671 - CubeFinder database FW Pack versions=[FP-ATR-ASTRA1_V2.0.0, FP-SNS-FLIGHT1_V5.0.1, FP-SNS-FLIGHT1_V5.0.2, FP-SNS-MOTENV1_V4.3.1, FP-SNS-MOTENV1_V4.3.2, FP-SNS-SMARTAG2_V1.2.0, I-CUBE-ITTIADB_V8.6.3-1, STM32Cube_FW_C0_V1.1.0, STM32Cube_FW_F4_V1.27.1, STM32Cube_FW_F7_V1.17.0, STM32Cube_FW_G0_V1.6.1, STM32Cube_FW_G4_V1.5.1, STM32Cube_FW_H5_V0.5.1, STM32Cube_FW_H5_V1.1.1, STM32Cube_FW_H7_V1.11.0, STM32Cube_FW_L0_V1.12.2, STM32Cube_FW_L5_V1.5.0, STM32Cube_FW_U5_V1.3.0, STM32Cube_FW_U5_V1.3.0RC4, STM32Cube_FW_WBA_V1.0.0RC1, STM32Cube_FW_WBA_V1.1.0RC1, STM32Cube_FW_WBA_V1.1.1, STM32Cube_FW_WB_V1.15.0RC1, STM32Cube_FW_WB_V1.16.0, STM32Cube_FW_WB_V1.16.0RC2, STM32Cube_FW_WB_V1.17.3, STM32Cube_FW_WL_V1.3.0, X-CUBE-ALGOBUILD_V1.3.0, X-CUBE-ALS_V1.0.1, X-CUBE-AZRTOS-F4_V1.1.0, X-CUBE-AZRTOS-F7_V1.1.0, X-CUBE-AZRTOS-G0_V1.1.0, X-CUBE-AZRTOS-G4_V2.0.0, X-CUBE-AZRTOS-H7_V3.1.0, X-CUBE-AZRTOS-L4_V1.0.0, X-CUBE-AZRTOS-L4_V2.0.0, X-CUBE-AZRTOS-L5_V1.1.0, X-CUBE-AZRTOS-WB_V2.0.0, X-CUBE-AZRTOS-WL_V2.0.0, X-CUBE-BLE1_V7.0.0, X-CUBE-BLE2_V3.3.0, X-CUBE-BLEMGR_V2.0.0, X-CUBE-EEPRMA1_V4.1.0, X-CUBE-FREERTOS_V1.1.0, X-CUBE-GNSS1_V6.0.0, X-CUBE-MEMS1_V10.0.0, X-CUBE-MEMS1_V9.1.0, X-CUBE-MEMS1_V9.4.0, X-CUBE-MEMS1_V9.6.0, X-CUBE-NFC4_V3.0.0, X-CUBE-NFC7_V1.0.1, X-CUBE-SFXS2LP1_V4.0.0, X-CUBE-SUBG2_V5.0.0, X-CUBE-TOF1_V3.3.1]
2023-10-25 14:09:53,650 [ERROR] DbExamplesSqlite:437 - Missing JSON key: board_cpn
2023-10-25 14:09:53,650 [ERROR] DbExamplesSqlite:437 - Missing JSON key: board_cpn
2023-10-25 14:09:53,650 [ERROR] DbExamplesSqlite:437 - Missing JSON key: board_cpn
2023-10-25 14:09:53,650 [ERROR] DbExamplesSqlite:437 - Missing JSON key: board_cpn
2023-10-25 14:09:53,656 [INFO] DbExamplesSqlite:395 - Ignored 27 examples not supported by CubeIDE
2023-10-25 14:09:53,656 [INFO] DbExamplesSqlite:396 - Found 7221 examples active
2023-10-25 14:09:53,656 [INFO] DbExamplesSqlite:397 - Found 777 examples obsolete
2023-10-25 14:09:53,656 [INFO] DbExamplesSqlite:398 - Found 0 examples under development
2023-10-25 14:09:53,656 [INFO] DbExamplesSqlite:399 - Found 74 examples not building
2023-10-25 14:09:53,658 [INFO] DbExamples:125 - Found 7268 examples
2023-10-25 14:09:53,666 [INFO] DbExamples:222 - Found 93 boards with related examples
2023-10-25 14:09:53,667 [INFO] DbExamples:235 - Found 79 MCUs with related examples
2023-10-25 14:09:53,684 [INFO] ApiDb:423 - Load user favorites file C:\Users\fabio/.stm32cubeide/favorites.examples.txt: 0 item(s)
2023-10-25 14:09:53,684 [INFO] ApiDb:427 - User favorites Examples=[]
2023-10-25 14:09:53,684 [INFO] DbExamples:250 - Set 0 / 0 favorites Examples
2023-10-25 14:09:53,806 [INFO] McuFinderGlobals:76 - Set McuFinderConnectedMode to true
2023-10-25 14:09:53,814 [INFO] MultiScanPanel:200 - Auto-refresh data requested => check proxy status ongoing
2023-10-25 14:09:53,818 [INFO] FinderPluginLoader:95 - Searching for filters in installed packs
2023-10-25 14:09:54,664 [INFO] LoadUrlFilesThread:185 - End of LoadServerUrlFiles without Thread
2023-10-25 14:09:54,669 [INFO] DetailPanel:341 - Set advertising image to C:/Users/fabio/STM32Cube/Repository/\en.prom-stm32h5-mcu-finder.jpg
2023-10-25 14:10:00,852 [ERROR] LogOutputStream:75 - [STDERR_REDIRECT] SLF4J: Failed to load class "org.slf4j.impl.StaticLoggerBinder".
2023-10-25 14:10:00,853 [ERROR] LogOutputStream:75 - [STDERR_REDIRECT] SLF4J: Defaulting to no-operation (NOP) logger implementation
2023-10-25 14:10:00,853 [ERROR] LogOutputStream:75 - [STDERR_REDIRECT] SLF4J: See http://www.slf4j.org/codes.html#StaticLoggerBinder for further details.
2023-10-25 14:11:01,006 [INFO] MainUpdater:2868 - connection check result : 10
2023-10-25 14:11:01,006 [INFO] MainUpdater:2868 - connection check result : 10
2023-10-25 14:11:01,018 [INFO] MicroXplorer:468 - Change Database Path : 
2023-10-25 14:11:01,018 [INFO] MicroXplorer:498 - Change Database Version : DB.6.0.90
2023-10-25 14:11:01,021 [WARN] ThirdParty:871 - waiting for thirdparty lock release [close project]
2023-10-25 14:11:01,021 [INFO] ThirdParty:873 - entering critical section [close project]
2023-10-25 14:11:01,021 [INFO] ThirdParty:883 - exiting critical section [close project]
2023-10-25 14:11:01,022 [INFO] PinOutPanel:1499 - setPackage(No Configuration,No Configuration)
2023-10-25 14:11:01,026 [INFO] UtilMem:75 - Begin LoadConfig() Used Memory: 565292472 Bytes (961544192)
2023-10-25 14:11:01,028 [INFO] MicroXplorer:468 - Change Database Path : 
2023-10-25 14:11:01,028 [INFO] MicroXplorer:498 - Change Database Version : DB.6.0.90
2023-10-25 14:11:01,028 [INFO] OpenFileManager:308 - Change cursor
2023-10-25 14:11:01,068 [INFO] Mcu:1946 - Initializing MCU STM32C011F6Px STM32C011F6Px STM32C011F6P6
2023-10-25 14:11:01,893 [INFO] Context:659 - Trying to add GPIOservice into a context  which must be forbidden
2023-10-25 14:11:02,113 [INFO] ImportTextPane:194 - (OptionalMessage_ERROR) Unable to find key (Mcu.ThirdPartyNb) in loaded IOC file
2023-10-25 14:11:02,113 [INFO] ImportTextPane:194 - (OptionalMessage_ERROR) Unable to find key (Mcu.PinsNb) in loaded IOC file
2023-10-25 14:11:02,114 [INFO] ImportTextPane:194 - (OptionalMessage_ERROR) Unable to find key (Mcu.IPNb) in loaded IOC file
2023-10-25 14:11:02,238 [WARN] ModelIntegratedComponent:63 - No mode defined for component null
2023-10-25 14:11:02,238 [WARN] ModelIntegratedComponent:63 - No mode defined for component null
2023-10-25 14:11:02,238 [WARN] ModelIntegratedComponent:63 - No mode defined for component null
2023-10-25 14:11:02,238 [WARN] ModelIntegratedComponent:63 - No mode defined for component null
2023-10-25 14:11:02,238 [WARN] ModelIntegratedComponent:63 - No mode defined for component null
2023-10-25 14:11:02,239 [WARN] ModelIntegratedComponent:63 - No mode defined for component null
2023-10-25 14:11:02,239 [WARN] ModelIntegratedComponent:63 - No mode defined for component null
2023-10-25 14:11:02,239 [WARN] ModelIntegratedComponent:63 - No mode defined for component null
2023-10-25 14:11:02,239 [WARN] ModelIntegratedComponent:63 - No mode defined for component null
2023-10-25 14:11:02,239 [WARN] ModelIntegratedComponent:63 - No mode defined for component null
2023-10-25 14:11:02,239 [WARN] ModelIntegratedComponent:63 - No mode defined for component null
2023-10-25 14:11:02,239 [WARN] ModelIntegratedComponent:63 - No mode defined for component null
2023-10-25 14:11:02,239 [WARN] ModelIntegratedComponent:63 - No mode defined for component null
2023-10-25 14:11:02,239 [WARN] ModelIntegratedComponent:63 - No mode defined for component null
2023-10-25 14:11:02,239 [WARN] ModelIntegratedComponent:63 - No mode defined for component null
2023-10-25 14:11:02,239 [WARN] ModelIntegratedComponent:63 - No mode defined for component null
2023-10-25 14:11:02,239 [WARN] ModelIntegratedComponent:63 - No mode defined for component null
2023-10-25 14:11:02,239 [WARN] ModelIntegratedComponent:63 - No mode defined for component null
2023-10-25 14:11:02,239 [WARN] ModelIntegratedComponent:63 - No mode defined for component null
2023-10-25 14:11:02,239 [WARN] ModelIntegratedComponent:63 - No mode defined for component null
2023-10-25 14:11:02,239 [WARN] ModelIntegratedComponent:63 - No mode defined for component null
2023-10-25 14:11:02,239 [WARN] ModelIntegratedComponent:63 - No mode defined for component null
2023-10-25 14:11:02,239 [WARN] ModelIntegratedComponent:63 - No mode defined for component null
2023-10-25 14:11:02,239 [WARN] ModelIntegratedComponent:63 - No mode defined for component null
2023-10-25 14:11:02,239 [WARN] ModelIntegratedComponent:63 - No mode defined for component null
2023-10-25 14:11:02,239 [WARN] ModelIntegratedComponent:63 - No mode defined for component null
2023-10-25 14:11:02,239 [WARN] ModelIntegratedComponent:63 - No mode defined for component null
2023-10-25 14:11:02,239 [WARN] ModelIntegratedComponent:63 - No mode defined for component null
2023-10-25 14:11:02,239 [WARN] ModelIntegratedComponent:63 - No mode defined for component null
2023-10-25 14:11:02,239 [WARN] ModelIntegratedComponent:63 - No mode defined for component null
2023-10-25 14:11:02,239 [WARN] ModelIntegratedComponent:63 - No mode defined for component null
2023-10-25 14:11:02,239 [WARN] ModelIntegratedComponent:63 - No mode defined for component null
2023-10-25 14:11:02,239 [WARN] ModelIntegratedComponent:63 - No mode defined for component null
2023-10-25 14:11:02,293 [INFO] RtosManager:555 - Registered RTOS mode: class=RTOS, group=ThreadX, mode=Core, owner=THREADX
2023-10-25 14:11:02,305 [INFO] ThirdPartyModel:298 - Start build external matchings
2023-10-25 14:11:02,796 [INFO] ThirdPartyModel:316 - End build external matchings
2023-10-25 14:11:02,925 [INFO] UtilMem:75 - End LoadConfig() Used Memory: 570540440 Bytes (961544192)
2023-10-25 14:11:02,939 [WARN] ThirdParty:833 - waiting for thirdparty lock release [change project]
2023-10-25 14:11:02,939 [INFO] ThirdParty:835 - entering critical section [change project]
2023-10-25 14:11:02,939 [INFO] ThirdParty:1030 - CMSIS Pack Vendor :STMicroelectronics X-CUBE-ISPU 1.1.0
2023-10-25 14:11:02,939 [INFO] ThirdParty:1030 - CMSIS Pack Vendor :STMicroelectronics USBPD 4.1
2023-10-25 14:11:02,939 [INFO] ThirdParty:1030 - CMSIS Pack Vendor :STMicroelectronics X-CUBE-GNSS1 6.0.0
2023-10-25 14:11:02,939 [INFO] ThirdParty:1030 - CMSIS Pack Vendor :STMicroelectronics USB_HOST 2.0.0
2023-10-25 14:11:02,939 [INFO] ThirdParty:1030 - CMSIS Pack Vendor :STMicroelectronics X-CUBE-AZRTOS-F4 1.1.0
2023-10-25 14:11:02,939 [INFO] ThirdParty:1030 - CMSIS Pack Vendor :STMicroelectronics LIBJPEG 8.0.0
2023-10-25 14:11:02,939 [INFO] ThirdParty:1030 - CMSIS Pack Vendor :STMicroelectronics X-CUBE-SMBUS 2.1.0
2023-10-25 14:11:02,939 [INFO] ThirdParty:1030 - CMSIS Pack Vendor :wolfSSL I-CUBE-wolfSSL 5.6.0
2023-10-25 14:11:02,939 [INFO] ThirdParty:1030 - CMSIS Pack Vendor :STMicroelectronics USB_DEVICE 3.0.0
2023-10-25 14:11:02,939 [INFO] ThirdParty:1030 - CMSIS Pack Vendor :STMicroelectronics X-CUBE-AZRTOS-WB 2.0.0
2023-10-25 14:11:02,939 [INFO] ThirdParty:1030 - CMSIS Pack Vendor :STMicroelectronics X-CUBE-FREERTOS 1.0.1
2023-10-25 14:11:02,939 [INFO] ThirdParty:1030 - CMSIS Pack Vendor :STMicroelectronics X-CUBE-AZRTOS-F7 1.1.0
2023-10-25 14:11:02,939 [INFO] ThirdParty:1030 - CMSIS Pack Vendor :STMicroelectronics X-CUBE-TOUCHGFX 4.21.4
2023-10-25 14:11:02,939 [INFO] ThirdParty:1030 - CMSIS Pack Vendor :STMicroelectronics X-CUBE-AZRTOS-L5 2.0.0
2023-10-25 14:11:02,939 [INFO] ThirdParty:1030 - CMSIS Pack Vendor :STMicroelectronics USB_DEVICE 2.0.0
2023-10-25 14:11:02,939 [INFO] ThirdParty:1030 - CMSIS Pack Vendor :STMicroelectronics X-CUBE-MEMS1 9.6.0
2023-10-25 14:11:02,939 [INFO] ThirdParty:1030 - CMSIS Pack Vendor :STMicroelectronics X-CUBE-EEPRMA1 4.2.0
2023-10-25 14:11:02,939 [INFO] ThirdParty:1030 - CMSIS Pack Vendor :ITTIA_DB I-CUBE-ITTIADB 8.8.0
2023-10-25 14:11:02,939 [INFO] ThirdParty:1030 - CMSIS Pack Vendor :STMicroelectronics FP-SNS-MOTENV1 4.3.0
2023-10-25 14:11:02,939 [INFO] ThirdParty:1030 - CMSIS Pack Vendor :STMicroelectronics FP-SNS-MOTENV1 4.3.2
2023-10-25 14:11:02,939 [INFO] ThirdParty:1030 - CMSIS Pack Vendor :STMicroelectronics FP-SNS-FLIGHT1 5.0.0
2023-10-25 14:11:02,939 [INFO] ThirdParty:1030 - CMSIS Pack Vendor :STMicroelectronics FP-SNS-MOTENV1 4.3.1
2023-10-25 14:11:02,939 [INFO] ThirdParty:1030 - CMSIS Pack Vendor :STMicroelectronics FP-SNS-FLIGHT1 5.0.1
2023-10-25 14:11:02,939 [INFO] ThirdParty:1030 - CMSIS Pack Vendor :STMicroelectronics X-CUBE-ALGOBUILD 1.3.0
2023-10-25 14:11:02,940 [INFO] ThirdParty:1030 - CMSIS Pack Vendor :STMicroelectronics X-CUBE-BLE1 6.2.4
2023-10-25 14:11:02,940 [INFO] ThirdParty:1030 - CMSIS Pack Vendor :STMicroelectronics X-CUBE-AZRTOS-L5 1.1.0
2023-10-25 14:11:02,940 [INFO] ThirdParty:1030 - CMSIS Pack Vendor :STMicroelectronics FreeRTOS 0.0.1
2023-10-25 14:11:02,940 [INFO] ThirdParty:1030 - CMSIS Pack Vendor :STMicroelectronics X-CUBE-AZRTOS-G0 1.1.0
2023-10-25 14:11:02,940 [INFO] ThirdParty:1030 - CMSIS Pack Vendor :emotas I-CUBE-CANOPEN 1.1.3
2023-10-25 14:11:02,940 [INFO] ThirdParty:1030 - CMSIS Pack Vendor :STMicroelectronics X-CUBE-BLEMGR 2.0.0
2023-10-25 14:11:02,940 [INFO] ThirdParty:1030 - CMSIS Pack Vendor :STMicroelectronics X-CUBE-AI 8.0.1
2023-10-25 14:11:02,940 [INFO] ThirdParty:1030 - CMSIS Pack Vendor :STMicroelectronics X-CUBE-NFC4 3.0.0
2023-10-25 14:11:02,940 [INFO] ThirdParty:1030 - CMSIS Pack Vendor :STMicroelectronics X-CUBE-SUBG2 5.0.0
2023-10-25 14:11:02,940 [INFO] ThirdParty:1030 - CMSIS Pack Vendor :STMicroelectronics STM32_WPAN 1.0.0
2023-10-25 14:11:02,940 [INFO] ThirdParty:1030 - CMSIS Pack Vendor :STMicroelectronics lwIP 2.0.3
2023-10-25 14:11:02,940 [INFO] ThirdParty:1030 - CMSIS Pack Vendor :STMicroelectronics FP-SNS-FLIGHT1 5.0.2
2023-10-25 14:11:02,940 [INFO] ThirdParty:1030 - CMSIS Pack Vendor :STMicroelectronics USB_HOST 1.0.0
2023-10-25 14:11:02,940 [INFO] ThirdParty:1030 - CMSIS Pack Vendor :STMicroelectronics X-CUBE-TOF1 3.3.1
2023-10-25 14:11:02,940 [INFO] ThirdParty:1030 - CMSIS Pack Vendor :STMicroelectronics X-CUBE-AZRTOS-G4 2.0.0
2023-10-25 14:11:02,940 [INFO] ThirdParty:1030 - CMSIS Pack Vendor :STMicroelectronics PDM2PCM 3.1.0
2023-10-25 14:11:02,940 [INFO] ThirdParty:1030 - CMSIS Pack Vendor :STMicroelectronics X-CUBE-AZRTOS-H7 3.1.0
2023-10-25 14:11:02,940 [INFO] ThirdParty:1030 - CMSIS Pack Vendor :STMicroelectronics X-CUBE-TOF1 3.3.0
2023-10-25 14:11:02,940 [INFO] ThirdParty:1030 - CMSIS Pack Vendor :Infineon AIROC-Wi-Fi-Bluetooth-STM32 1.5.1
2023-10-25 14:11:02,940 [INFO] ThirdParty:1030 - CMSIS Pack Vendor :STMicroelectronics PDM2PCM 3.3.0
2023-10-25 14:11:02,940 [INFO] ThirdParty:1030 - CMSIS Pack Vendor :STMicroelectronics X-CUBE-DISPLAY 3.0.0
2023-10-25 14:11:02,940 [INFO] ThirdParty:1030 - CMSIS Pack Vendor :STMicroelectronics X-CUBE-BLE1 7.0.0
2023-10-25 14:11:02,940 [INFO] ThirdParty:1030 - CMSIS Pack Vendor :STMicroelectronics FP-ATR-SIGFOX1 3.2.0
2023-10-25 14:11:02,940 [INFO] ThirdParty:1030 - CMSIS Pack Vendor :STMicroelectronics X-CUBE-AZRTOS-L4 1.0.0
2023-10-25 14:11:02,940 [INFO] ThirdParty:1030 - CMSIS Pack Vendor :STMicroelectronics HAL Drivers 0.0.0
2023-10-25 14:11:02,940 [INFO] ThirdParty:1030 - CMSIS Pack Vendor :STMicroelectronics MBEDTLS 2.16.2
2023-10-25 14:11:02,940 [INFO] ThirdParty:1030 - CMSIS Pack Vendor :STMicroelectronics X-CUBE-MEMS1 10.0.0
2023-10-25 14:11:02,940 [INFO] ThirdParty:1030 - CMSIS Pack Vendor :STMicroelectronics X-CUBE-FREERTOS 1.1.0
2023-10-25 14:11:02,940 [INFO] ThirdParty:1030 - CMSIS Pack Vendor :STMicroelectronics X-CUBE-TOUCHGFX 4.22.0
2023-10-25 14:11:02,940 [INFO] ThirdParty:1030 - CMSIS Pack Vendor :STMicroelectronics X-CUBE-NFC7 1.0.1
2023-10-25 14:11:02,940 [INFO] ThirdParty:1030 - CMSIS Pack Vendor :STMicroelectronics MBEDTLS 2.14.1
2023-10-25 14:11:02,940 [INFO] ThirdParty:1030 - CMSIS Pack Vendor :STMicroelectronics X-CUBE-NFC7 1.0.0
2023-10-25 14:11:02,940 [INFO] ThirdParty:1030 - CMSIS Pack Vendor :STMicroelectronics X-CUBE-TOUCHGFX 4.22.1
2023-10-25 14:11:02,940 [INFO] ThirdParty:1030 - CMSIS Pack Vendor :STMicroelectronics X-CUBE-AZRTOS-WL 1.0.0
2023-10-25 14:11:02,940 [INFO] ThirdParty:1030 - CMSIS Pack Vendor :STMicroelectronics X-CUBE-NFC6 3.0.0
2023-10-25 14:11:02,940 [INFO] ThirdParty:1030 - CMSIS Pack Vendor :STMicroelectronics X-CUBE-EEPRMA1 4.1.0
2023-10-25 14:11:02,940 [INFO] ThirdParty:1030 - CMSIS Pack Vendor :portGmbH I-Cube-SoM-uGOAL 1.1.0
2023-10-25 14:11:02,940 [INFO] ThirdParty:1030 - CMSIS Pack Vendor :STMicroelectronics X-CUBE-ALS 1.0.1
2023-10-25 14:11:02,940 [INFO] ThirdParty:1030 - CMSIS Pack Vendor :STMicroelectronics ThreadX 1.0.0
2023-10-25 14:11:02,940 [INFO] ThirdParty:1030 - CMSIS Pack Vendor :STMicroelectronics FP-SNS-SMARTAG2 1.2.0
2023-10-25 14:11:02,940 [INFO] ThirdParty:1030 - CMSIS Pack Vendor :STMicroelectronics X-CUBE-AZRTOS-WB 1.1.0
2023-10-25 14:11:02,940 [INFO] ThirdParty:1030 - CMSIS Pack Vendor :STMicroelectronics X-CUBE-AZRTOS-WL 2.0.0
2023-10-25 14:11:02,940 [INFO] ThirdParty:1030 - CMSIS Pack Vendor :SEGGER I-CUBE-embOS 1.3.1
2023-10-25 14:11:02,940 [INFO] ThirdParty:1030 - CMSIS Pack Vendor :STMicroelectronics USB_DEVICE 1.0.0
2023-10-25 14:11:02,940 [INFO] ThirdParty:1030 - CMSIS Pack Vendor :STMicroelectronics X-CUBE-AI 8.1.0
2023-10-25 14:11:02,940 [INFO] ThirdParty:1030 - CMSIS Pack Vendor :STMicroelectronics X-CUBE-AZRTOS-L4 2.0.0
2023-10-25 14:11:02,940 [INFO] ThirdParty:1030 - CMSIS Pack Vendor :STMicroelectronics ThreadX 0.0.2
2023-10-25 14:11:02,940 [INFO] ThirdParty:1030 - CMSIS Pack Vendor :WES I-CUBE-Cesium 1.3.0
2023-10-25 14:11:02,940 [INFO] ThirdParty:1030 - CMSIS Pack Vendor :STMicroelectronics FP-ATR-ASTRA1 2.0.0
2023-10-25 14:11:02,940 [INFO] ThirdParty:1030 - CMSIS Pack Vendor :STMicroelectronics lwIP 2.1.2
2023-10-25 14:11:02,940 [INFO] ThirdParty:1030 - CMSIS Pack Vendor :STMicroelectronics X-CUBE-SFXS2LP1 4.0.0
2023-10-25 14:11:02,940 [INFO] ThirdParty:1030 - CMSIS Pack Vendor :STMicroelectronics X-CUBE-BLE2 3.3.0
2023-10-25 14:11:02,940 [INFO] ThirdParty:1030 - CMSIS Pack Vendor :STMicroelectronics PDM2PCM 3.2.0
2023-10-25 14:11:02,940 [INFO] ThirdParty:841 - exiting critical section [change project]
2023-10-25 14:11:03,062 [INFO] PinOutPanel:1499 - setPackage(No Configuration,No Configuration)
2023-10-25 14:11:03,063 [INFO] PinOutPanel:1499 - setPackage(STM32C011F6Px,TSSOP20)
2023-10-25 14:11:03,258 [INFO] UtilMem:75 - Before build in PCC Used Memory: 631013632 Bytes (961544192)
2023-10-25 14:11:04,005 [INFO] UtilMem:75 - After build in PCC Used Memory: 749455512 Bytes (961544192)
2023-10-25 14:11:04,025 [INFO] IPUIPlugin:80 - create IPUIPlugin
2023-10-25 14:11:04,025 [INFO] IPUIPlugin:80 - create IPUIPlugin
2023-10-25 14:11:04,025 [INFO] IPUIPlugin:80 - create IPUIPlugin
2023-10-25 14:11:04,025 [INFO] IPUIPlugin:80 - create IPUIPlugin
2023-10-25 14:11:04,025 [INFO] IPUIPlugin:80 - create IPUIPlugin
2023-10-25 14:11:04,026 [INFO] IPUIPlugin:80 - create IPUIPlugin
2023-10-25 14:11:04,026 [INFO] IPUIPlugin:80 - create IPUIPlugin
2023-10-25 14:11:04,026 [INFO] IPUIPlugin:80 - create IPUIPlugin
2023-10-25 14:11:04,026 [INFO] IPUIPlugin:80 - create IPUIPlugin
2023-10-25 14:11:04,026 [INFO] IPUIPlugin:80 - create IPUIPlugin
2023-10-25 14:11:04,026 [INFO] IPUIPlugin:80 - create IPUIPlugin
2023-10-25 14:11:04,026 [INFO] IPUIPlugin:80 - create IPUIPlugin
2023-10-25 14:11:04,026 [INFO] IPUIPlugin:80 - create IPUIPlugin
2023-10-25 14:11:04,026 [INFO] IPUIPlugin:80 - create IPUIPlugin
2023-10-25 14:11:04,026 [INFO] IPUIPlugin:80 - create IPUIPlugin
2023-10-25 14:11:04,026 [INFO] IPUIPlugin:80 - create IPUIPlugin
2023-10-25 14:11:04,026 [INFO] IPUIPlugin:80 - create IPUIPlugin
2023-10-25 14:11:04,027 [INFO] IPUIPlugin:80 - create IPUIPlugin
2023-10-25 14:11:04,027 [INFO] IPUIPlugin:80 - create IPUIPlugin
2023-10-25 14:11:04,027 [INFO] IPUIPlugin:80 - create IPUIPlugin
2023-10-25 14:11:04,027 [INFO] IPUIPlugin:80 - create IPUIPlugin
2023-10-25 14:11:04,027 [INFO] IPUIPlugin:80 - create IPUIPlugin
2023-10-25 14:11:04,027 [INFO] IPUIPlugin:80 - create IPUIPlugin
2023-10-25 14:11:04,027 [INFO] IPUIPlugin:80 - create IPUIPlugin
2023-10-25 14:11:04,027 [INFO] IPUIPlugin:80 - create IPUIPlugin
2023-10-25 14:11:04,028 [INFO] IPUIPlugin:80 - create IPUIPlugin
2023-10-25 14:11:04,143 [INFO] CADModel:165 - CPN selected for project levelSTM32C011F6P6
2023-10-25 14:11:04,143 [INFO] CADModel:114 - Register for checkConnection events
2023-10-25 14:11:04,187 [INFO] OpenFileManager:328 - Restore cursor
2023-10-25 14:11:04,591 [INFO] UtilMem:75 - End SaveConfig() Used Memory: 823190472 Bytes (961544192)
2023-10-25 14:11:04,630 [INFO] UtilMem:75 - End SaveConfig() Used Memory: 833672248 Bytes (961544192)
2023-10-25 14:11:04,918 [INFO] BlockDiagram:2759 - set Specific Code input for plugin: NVIC
2023-10-25 14:11:04,918 [INFO] BlockDiagram:2759 - set Specific Code input for plugin: RCC
2023-10-25 14:11:04,919 [INFO] CodeGenerator:799 - code generatio: config db path: C:\ST\STM32CubeIDE_1.12.1\STM32CubeIDE\plugins\com.st.stm32cube.common.mx_6.9.0.202307051724\\db\
2023-10-25 14:11:05,112 [INFO] CodeEngine:255 - oldGeneratedFile, C:\Users\fabio\OneDrive\Documentos\GitHub\franzininho-c0-board\fw_fabrica_franzininhoC0\MXTmpFiles\license.tmp_save
2023-10-25 14:11:05,394 [INFO] CodeEngine:279 - Generated code: C:\Users\fabio\OneDrive\Documentos\GitHub\franzininho-c0-board\fw_fabrica_franzininhoC0\MXTmpFiles\license.tmp
2023-10-25 14:11:05,500 [INFO] CodeEngine:255 - oldGeneratedFile, C:\Users\fabio\OneDrive\Documentos\GitHub\franzininho-c0-board\fw_fabrica_franzininhoC0\MXTmpFiles\cortex.tmp_save
2023-10-25 14:11:05,616 [INFO] CodeEngine:279 - Generated code: C:\Users\fabio\OneDrive\Documentos\GitHub\franzininho-c0-board\fw_fabrica_franzininhoC0\MXTmpFiles\cortex.tmp
2023-10-25 14:11:05,635 [INFO] CodeEngine:255 - oldGeneratedFile, C:\Users\fabio\OneDrive\Documentos\GitHub\franzininho-c0-board\fw_fabrica_franzininhoC0\Core\Src\stm32c0xx_it.c_save
2023-10-25 14:11:05,784 [INFO] CodeEngine:279 - Generated code: C:\Users\fabio\OneDrive\Documentos\GitHub\franzininho-c0-board\fw_fabrica_franzininhoC0\Core\Src\stm32c0xx_it.c
2023-10-25 14:11:05,795 [INFO] CodeEngine:255 - oldGeneratedFile, C:\Users\fabio\OneDrive\Documentos\GitHub\franzininho-c0-board\fw_fabrica_franzininhoC0\Core\Inc\stm32c0xx_it.h_save
2023-10-25 14:11:05,880 [INFO] CodeEngine:279 - Generated code: C:\Users\fabio\OneDrive\Documentos\GitHub\franzininho-c0-board\fw_fabrica_franzininhoC0\Core\Inc\stm32c0xx_it.h
2023-10-25 14:11:05,931 [INFO] CodeEngine:255 - oldGeneratedFile, C:\Users\fabio\OneDrive\Documentos\GitHub\franzininho-c0-board\fw_fabrica_franzininhoC0\Core\Src\stm32c0xx_hal_msp.c_save
2023-10-25 14:11:06,049 [INFO] CodeEngine:279 - Generated code: C:\Users\fabio\OneDrive\Documentos\GitHub\franzininho-c0-board\fw_fabrica_franzininhoC0\Core\Src\stm32c0xx_hal_msp.c
2023-10-25 14:11:06,057 [INFO] CodeEngine:255 - oldGeneratedFile, C:\Users\fabio\OneDrive\Documentos\GitHub\franzininho-c0-board\fw_fabrica_franzininhoC0\MXTmpFiles\system.tmp_save
2023-10-25 14:11:06,119 [INFO] CodeEngine:279 - Generated code: C:\Users\fabio\OneDrive\Documentos\GitHub\franzininho-c0-board\fw_fabrica_franzininhoC0\MXTmpFiles\system.tmp
2023-10-25 14:11:06,131 [INFO] CodeEngine:311 - oldGeneratedFile, C:\Users\fabio\OneDrive\Documentos\GitHub\franzininho-c0-board\fw_fabrica_franzininhoC0\Core\Inc\stm32c0xx_hal_conf.h_save
2023-10-25 14:11:06,213 [INFO] CodeEngine:335 - Generated code: C:\Users\fabio\OneDrive\Documentos\GitHub\franzininho-c0-board\fw_fabrica_franzininhoC0\Core\Inc\stm32c0xx_hal_conf.h
2023-10-25 14:11:06,228 [WARN] IPConfigManager:2937 - Warning: the RefConfig RCC_ConfigVoltageScaling is not available in your config.xml file
2023-10-25 14:11:06,229 [WARN] IPConfigManager:2937 - Warning: the RefConfig RCC_PClockConfig is not available in your config.xml file
2023-10-25 14:11:06,230 [WARN] IPConfigManager:2937 - Warning: the RefConfig RCC_interrupt_Time_SYSTICK_Config is not available in your config.xml file
2023-10-25 14:11:06,245 [INFO] CodeEngine:255 - oldGeneratedFile, C:\Users\fabio\OneDrive\Documentos\GitHub\franzininho-c0-board\fw_fabrica_franzininhoC0\Core\Inc\main.h_save
2023-10-25 14:11:06,340 [INFO] CodeEngine:279 - Generated code: C:\Users\fabio\OneDrive\Documentos\GitHub\franzininho-c0-board\fw_fabrica_franzininhoC0\Core\Inc\main.h
2023-10-25 14:11:06,349 [INFO] CodeEngine:255 - oldGeneratedFile, C:\Users\fabio\OneDrive\Documentos\GitHub\franzininho-c0-board\fw_fabrica_franzininhoC0\Core\Src\main.c_save
2023-10-25 14:11:06,467 [INFO] CodeEngine:279 - Generated code: C:\Users\fabio\OneDrive\Documentos\GitHub\franzininho-c0-board\fw_fabrica_franzininhoC0\Core\Src\main.c
2023-10-25 14:11:07,011 [INFO] ProjectBuilder:3064 - Time for Copy HAL[1] : 107mS.
2023-10-25 14:11:07,016 [INFO] ProjectBuilder:4404 - Project Generator version: 4.1.0
2023-10-25 14:11:07,198 [INFO] ConfigFileManager:1457 - The Die is : DIE443
2023-10-25 14:11:07,215 [INFO] ApiDbMcu:507 - Load IP Config File for FileX
2023-10-25 14:11:07,224 [INFO] ApiDbMcu:507 - Load IP Config File for ThreadX
2023-10-25 14:11:07,980 [INFO] LogOutputStream:77 - [STDOUT_REDIRECT] 
2023-10-25 14:11:09,938 [INFO] ProjectBuilder:4626 - Time for Generating toolchain IDE Files: 2922mS.
2023-10-25 14:11:09,939 [INFO] ProjectBuilder:2935 - Time for Copy CMSIS : 1mS.
2023-10-25 14:11:09,941 [INFO] ProjectBuilder:2935 - Time for Copy CMSIS : 0mS.
2023-10-25 14:11:10,498 [INFO] McuFinderGlobals:76 - Set McuFinderConnectedMode to true
2023-10-25 14:11:10,500 [INFO] ApiDb:448 - Save user favorites file C:\Users\fabio/.stm32cubeide/favorites.mcus.txt: 0 item(s)
2023-10-25 14:11:10,502 [INFO] ApiDb:452 - User favorites MCUs=[]
2023-10-25 14:12:41,556 [WARN] IP:2114 - FIFOMode not found: check if there is a RefParameter without a condition.
2023-10-25 14:12:41,556 [WARN] IP:2114 - TXFIFOThreshold not found: check if there is a RefParameter without a condition.
2023-10-25 14:12:41,556 [WARN] IP:2114 - RXFIFOThreshold not found: check if there is a RefParameter without a condition.
2023-10-25 14:12:41,556 [WARN] IP:2114 - AutoBaudRateEnableParam not found: check if there is a RefParameter without a condition.
2023-10-25 14:12:41,559 [WARN] IP:2114 - FIFOMode not found: check if there is a RefParameter without a condition.
2023-10-25 14:12:41,559 [WARN] IP:2114 - TXFIFOThreshold not found: check if there is a RefParameter without a condition.
2023-10-25 14:12:41,559 [WARN] IP:2114 - RXFIFOThreshold not found: check if there is a RefParameter without a condition.
2023-10-25 14:12:41,559 [WARN] IP:2114 - AutoBaudRateEnableParam not found: check if there is a RefParameter without a condition.
2023-10-25 14:12:41,560 [WARN] IP:2114 - FIFOMode not found: check if there is a RefParameter without a condition.
2023-10-25 14:12:41,560 [WARN] IP:2114 - TXFIFOThreshold not found: check if there is a RefParameter without a condition.
2023-10-25 14:12:41,560 [WARN] IP:2114 - RXFIFOThreshold not found: check if there is a RefParameter without a condition.
2023-10-25 14:12:41,560 [WARN] IP:2114 - AutoBaudRateEnableParam not found: check if there is a RefParameter without a condition.
2023-10-25 14:12:41,597 [WARN] IP:2114 - FIFOMode not found: check if there is a RefParameter without a condition.
2023-10-25 14:12:41,597 [WARN] IP:2114 - TXFIFOThreshold not found: check if there is a RefParameter without a condition.
2023-10-25 14:12:41,597 [WARN] IP:2114 - RXFIFOThreshold not found: check if there is a RefParameter without a condition.
2023-10-25 14:12:41,597 [WARN] IP:2114 - AutoBaudRateEnableParam not found: check if there is a RefParameter without a condition.
2023-10-25 14:12:41,598 [WARN] IP:2114 - FIFOMode not found: check if there is a RefParameter without a condition.
2023-10-25 14:12:41,598 [WARN] IP:2114 - TXFIFOThreshold not found: check if there is a RefParameter without a condition.
2023-10-25 14:12:41,599 [WARN] IP:2114 - RXFIFOThreshold not found: check if there is a RefParameter without a condition.
2023-10-25 14:12:41,599 [WARN] IP:2114 - AutoBaudRateEnableParam not found: check if there is a RefParameter without a condition.
2023-10-25 14:13:12,422 [INFO] Gpio:273 - dependency for GPIO [DEBUG, USART1]
2023-10-25 14:13:14,793 [INFO] Gpio:273 - dependency for GPIO [DEBUG, USART1]
2023-10-25 14:13:18,515 [INFO] DmaTabbedPanel:205 - Cannot restore the selected Tab for DMA
2023-10-25 14:13:19,478 [INFO] Gpio:273 - dependency for GPIO [DEBUG, USART1]
2023-10-25 14:14:16,763 [INFO] Gpio:273 - dependency for GPIO [DEBUG, USART1]
2023-10-25 14:15:40,467 [INFO] UtilMem:75 - End SaveConfig() Used Memory: 745675344 Bytes (1073741824)
2023-10-25 14:15:42,357 [INFO] UtilMem:75 - End SaveConfig() Used Memory: 808991480 Bytes (1073741824)
2023-10-25 14:15:42,484 [INFO] BlockDiagram:2759 - set Specific Code input for plugin: NVIC
2023-10-25 14:15:42,484 [INFO] BlockDiagram:2759 - set Specific Code input for plugin: USART
2023-10-25 14:15:42,484 [INFO] BlockDiagram:2759 - set Specific Code input for plugin: SYS
2023-10-25 14:15:42,484 [INFO] BlockDiagram:2759 - set Specific Code input for plugin: DEBUG
2023-10-25 14:15:42,484 [INFO] BlockDiagram:2759 - set Specific Code input for plugin: GPIO
2023-10-25 14:15:42,484 [INFO] BlockDiagram:2759 - set Specific Code input for plugin: RCC
2023-10-25 14:15:42,485 [INFO] CodeGenerator:799 - code generatio: config db path: C:\ST\STM32CubeIDE_1.12.1\STM32CubeIDE\plugins\com.st.stm32cube.common.mx_6.9.0.202307051724\\db\
2023-10-25 14:15:42,602 [INFO] CodeEngine:255 - oldGeneratedFile, C:\Users\fabio\OneDrive\Documentos\GitHub\franzininho-c0-board\fw_fabrica_franzininhoC0\MXTmpFiles\license.tmp_save
2023-10-25 14:15:42,686 [INFO] CodeEngine:279 - Generated code: C:\Users\fabio\OneDrive\Documentos\GitHub\franzininho-c0-board\fw_fabrica_franzininhoC0\MXTmpFiles\license.tmp
2023-10-25 14:15:42,840 [INFO] CodeEngine:255 - oldGeneratedFile, C:\Users\fabio\OneDrive\Documentos\GitHub\franzininho-c0-board\fw_fabrica_franzininhoC0\Core\Src\gpio.c_save
2023-10-25 14:15:42,919 [INFO] CodeEngine:279 - Generated code: C:\Users\fabio\OneDrive\Documentos\GitHub\franzininho-c0-board\fw_fabrica_franzininhoC0\Core\Src\gpio.c
2023-10-25 14:15:42,927 [INFO] CodeEngine:255 - oldGeneratedFile, C:\Users\fabio\OneDrive\Documentos\GitHub\franzininho-c0-board\fw_fabrica_franzininhoC0\Core\Inc\gpio.h_save
2023-10-25 14:15:42,988 [INFO] CodeEngine:279 - Generated code: C:\Users\fabio\OneDrive\Documentos\GitHub\franzininho-c0-board\fw_fabrica_franzininhoC0\Core\Inc\gpio.h
2023-10-25 14:15:43,047 [WARN] IPConfigManager:99 - WARNING: Missing Config File for DEBUG ip!!
2023-10-25 14:15:43,247 [INFO] CodeEngine:255 - oldGeneratedFile, C:\Users\fabio\OneDrive\Documentos\GitHub\franzininho-c0-board\fw_fabrica_franzininhoC0\MXTmpFiles\cortex.tmp_save
2023-10-25 14:15:43,321 [INFO] CodeEngine:279 - Generated code: C:\Users\fabio\OneDrive\Documentos\GitHub\franzininho-c0-board\fw_fabrica_franzininhoC0\MXTmpFiles\cortex.tmp
2023-10-25 14:15:43,332 [INFO] CodeEngine:255 - oldGeneratedFile, C:\Users\fabio\OneDrive\Documentos\GitHub\franzininho-c0-board\fw_fabrica_franzininhoC0\Core\Src\usart.c_save
2023-10-25 14:15:43,420 [INFO] CodeEngine:279 - Generated code: C:\Users\fabio\OneDrive\Documentos\GitHub\franzininho-c0-board\fw_fabrica_franzininhoC0\Core\Src\usart.c
2023-10-25 14:15:43,429 [INFO] CodeEngine:255 - oldGeneratedFile, C:\Users\fabio\OneDrive\Documentos\GitHub\franzininho-c0-board\fw_fabrica_franzininhoC0\Core\Inc\usart.h_save
2023-10-25 14:15:43,490 [INFO] CodeEngine:279 - Generated code: C:\Users\fabio\OneDrive\Documentos\GitHub\franzininho-c0-board\fw_fabrica_franzininhoC0\Core\Inc\usart.h
2023-10-25 14:15:43,503 [INFO] CodeEngine:255 - oldGeneratedFile, C:\Users\fabio\OneDrive\Documentos\GitHub\franzininho-c0-board\fw_fabrica_franzininhoC0\Core\Src\stm32c0xx_it.c_save
2023-10-25 14:15:43,566 [INFO] CodeEngine:279 - Generated code: C:\Users\fabio\OneDrive\Documentos\GitHub\franzininho-c0-board\fw_fabrica_franzininhoC0\Core\Src\stm32c0xx_it.c
2023-10-25 14:15:43,571 [INFO] CodeEngine:255 - oldGeneratedFile, C:\Users\fabio\OneDrive\Documentos\GitHub\franzininho-c0-board\fw_fabrica_franzininhoC0\Core\Inc\stm32c0xx_it.h_save
2023-10-25 14:15:43,618 [INFO] CodeEngine:279 - Generated code: C:\Users\fabio\OneDrive\Documentos\GitHub\franzininho-c0-board\fw_fabrica_franzininhoC0\Core\Inc\stm32c0xx_it.h
2023-10-25 14:15:43,686 [INFO] CodeEngine:255 - oldGeneratedFile, C:\Users\fabio\OneDrive\Documentos\GitHub\franzininho-c0-board\fw_fabrica_franzininhoC0\Core\Src\stm32c0xx_hal_msp.c_save
2023-10-25 14:15:43,766 [INFO] CodeEngine:279 - Generated code: C:\Users\fabio\OneDrive\Documentos\GitHub\franzininho-c0-board\fw_fabrica_franzininhoC0\Core\Src\stm32c0xx_hal_msp.c
2023-10-25 14:15:43,769 [INFO] CodeEngine:255 - oldGeneratedFile, C:\Users\fabio\OneDrive\Documentos\GitHub\franzininho-c0-board\fw_fabrica_franzininhoC0\MXTmpFiles\system.tmp_save
2023-10-25 14:15:43,814 [INFO] CodeEngine:279 - Generated code: C:\Users\fabio\OneDrive\Documentos\GitHub\franzininho-c0-board\fw_fabrica_franzininhoC0\MXTmpFiles\system.tmp
2023-10-25 14:15:43,828 [INFO] CodeEngine:311 - oldGeneratedFile, C:\Users\fabio\OneDrive\Documentos\GitHub\franzininho-c0-board\fw_fabrica_franzininhoC0\Core\Inc\stm32c0xx_hal_conf.h_save
2023-10-25 14:15:43,905 [INFO] CodeEngine:335 - Generated code: C:\Users\fabio\OneDrive\Documentos\GitHub\franzininho-c0-board\fw_fabrica_franzininhoC0\Core\Inc\stm32c0xx_hal_conf.h
2023-10-25 14:15:43,925 [WARN] IPConfigManager:2937 - Warning: the RefConfig RCC_ConfigVoltageScaling is not available in your config.xml file
2023-10-25 14:15:43,925 [WARN] IPConfigManager:2937 - Warning: the RefConfig RCC_PClockConfig is not available in your config.xml file
2023-10-25 14:15:43,926 [WARN] IPConfigManager:2937 - Warning: the RefConfig RCC_interrupt_Time_SYSTICK_Config is not available in your config.xml file
2023-10-25 14:15:43,938 [INFO] CodeEngine:255 - oldGeneratedFile, C:\Users\fabio\OneDrive\Documentos\GitHub\franzininho-c0-board\fw_fabrica_franzininhoC0\Core\Inc\main.h_save
2023-10-25 14:15:44,012 [INFO] CodeEngine:279 - Generated code: C:\Users\fabio\OneDrive\Documentos\GitHub\franzininho-c0-board\fw_fabrica_franzininhoC0\Core\Inc\main.h
2023-10-25 14:15:44,026 [INFO] CodeEngine:255 - oldGeneratedFile, C:\Users\fabio\OneDrive\Documentos\GitHub\franzininho-c0-board\fw_fabrica_franzininhoC0\Core\Src\main.c_save
2023-10-25 14:15:44,108 [INFO] CodeEngine:279 - Generated code: C:\Users\fabio\OneDrive\Documentos\GitHub\franzininho-c0-board\fw_fabrica_franzininhoC0\Core\Src\main.c
2023-10-25 14:15:44,481 [INFO] ProjectBuilder:3064 - Time for Copy HAL[1] : 89mS.
2023-10-25 14:15:44,484 [INFO] ProjectBuilder:4404 - Project Generator version: 4.1.0
2023-10-25 14:15:44,700 [INFO] ConfigFileManager:1457 - The Die is : DIE443
2023-10-25 14:15:46,119 [INFO] ProjectBuilder:4626 - Time for Generating toolchain IDE Files: 1635mS.
2023-10-25 14:15:46,119 [INFO] ProjectBuilder:2935 - Time for Copy CMSIS : 0mS.
2023-10-25 14:15:46,121 [INFO] ProjectBuilder:2935 - Time for Copy CMSIS : 0mS.
2023-10-25 14:21:17,013 [INFO] Gpio:273 - dependency for GPIO [DEBUG, USART1]
2023-10-25 14:21:27,048 [INFO] UtilMem:75 - End SaveConfig() Used Memory: 592612664 Bytes (1073741824)
2023-10-25 14:21:28,039 [INFO] UtilMem:75 - End SaveConfig() Used Memory: 605330784 Bytes (1073741824)
2023-10-25 14:21:29,525 [INFO] UtilMem:75 - End SaveConfig() Used Memory: 664051040 Bytes (1073741824)
2023-10-25 14:21:29,658 [INFO] BlockDiagram:2759 - set Specific Code input for plugin: NVIC
2023-10-25 14:21:29,658 [INFO] BlockDiagram:2759 - set Specific Code input for plugin: USART
2023-10-25 14:21:29,658 [INFO] BlockDiagram:2759 - set Specific Code input for plugin: SYS
2023-10-25 14:21:29,658 [INFO] BlockDiagram:2759 - set Specific Code input for plugin: DEBUG
2023-10-25 14:21:29,658 [INFO] BlockDiagram:2759 - set Specific Code input for plugin: GPIO
2023-10-25 14:21:29,658 [INFO] BlockDiagram:2759 - set Specific Code input for plugin: RCC
2023-10-25 14:21:29,658 [INFO] CodeGenerator:799 - code generatio: config db path: C:\ST\STM32CubeIDE_1.12.1\STM32CubeIDE\plugins\com.st.stm32cube.common.mx_6.9.0.202307051724\\db\
2023-10-25 14:21:29,745 [INFO] CodeEngine:255 - oldGeneratedFile, C:\Users\fabio\OneDrive\Documentos\GitHub\franzininho-c0-board\fw_fabrica_franzininhoC0\MXTmpFiles\license.tmp_save
2023-10-25 14:21:29,835 [INFO] CodeEngine:279 - Generated code: C:\Users\fabio\OneDrive\Documentos\GitHub\franzininho-c0-board\fw_fabrica_franzininhoC0\MXTmpFiles\license.tmp
2023-10-25 14:21:29,904 [INFO] CodeEngine:255 - oldGeneratedFile, C:\Users\fabio\OneDrive\Documentos\GitHub\franzininho-c0-board\fw_fabrica_franzininhoC0\Core\Src\gpio.c_save
2023-10-25 14:21:29,984 [INFO] CodeEngine:279 - Generated code: C:\Users\fabio\OneDrive\Documentos\GitHub\franzininho-c0-board\fw_fabrica_franzininhoC0\Core\Src\gpio.c
2023-10-25 14:21:29,997 [INFO] CodeEngine:255 - oldGeneratedFile, C:\Users\fabio\OneDrive\Documentos\GitHub\franzininho-c0-board\fw_fabrica_franzininhoC0\Core\Inc\gpio.h_save
2023-10-25 14:21:30,051 [INFO] CodeEngine:279 - Generated code: C:\Users\fabio\OneDrive\Documentos\GitHub\franzininho-c0-board\fw_fabrica_franzininhoC0\Core\Inc\gpio.h
2023-10-25 14:21:30,149 [WARN] IPConfigManager:99 - WARNING: Missing Config File for DEBUG ip!!
2023-10-25 14:21:30,335 [INFO] CodeEngine:255 - oldGeneratedFile, C:\Users\fabio\OneDrive\Documentos\GitHub\franzininho-c0-board\fw_fabrica_franzininhoC0\MXTmpFiles\cortex.tmp_save
2023-10-25 14:21:30,418 [INFO] CodeEngine:279 - Generated code: C:\Users\fabio\OneDrive\Documentos\GitHub\franzininho-c0-board\fw_fabrica_franzininhoC0\MXTmpFiles\cortex.tmp
2023-10-25 14:21:30,439 [INFO] CodeEngine:255 - oldGeneratedFile, C:\Users\fabio\OneDrive\Documentos\GitHub\franzininho-c0-board\fw_fabrica_franzininhoC0\Core\Src\usart.c_save
2023-10-25 14:21:30,536 [INFO] CodeEngine:279 - Generated code: C:\Users\fabio\OneDrive\Documentos\GitHub\franzininho-c0-board\fw_fabrica_franzininhoC0\Core\Src\usart.c
2023-10-25 14:21:30,551 [INFO] CodeEngine:255 - oldGeneratedFile, C:\Users\fabio\OneDrive\Documentos\GitHub\franzininho-c0-board\fw_fabrica_franzininhoC0\Core\Inc\usart.h_save
2023-10-25 14:21:30,639 [INFO] CodeEngine:279 - Generated code: C:\Users\fabio\OneDrive\Documentos\GitHub\franzininho-c0-board\fw_fabrica_franzininhoC0\Core\Inc\usart.h
2023-10-25 14:21:30,658 [INFO] CodeEngine:255 - oldGeneratedFile, C:\Users\fabio\OneDrive\Documentos\GitHub\franzininho-c0-board\fw_fabrica_franzininhoC0\Core\Src\stm32c0xx_it.c_save
2023-10-25 14:21:30,725 [INFO] CodeEngine:279 - Generated code: C:\Users\fabio\OneDrive\Documentos\GitHub\franzininho-c0-board\fw_fabrica_franzininhoC0\Core\Src\stm32c0xx_it.c
2023-10-25 14:21:30,731 [INFO] CodeEngine:255 - oldGeneratedFile, C:\Users\fabio\OneDrive\Documentos\GitHub\franzininho-c0-board\fw_fabrica_franzininhoC0\Core\Inc\stm32c0xx_it.h_save
2023-10-25 14:21:30,789 [INFO] CodeEngine:279 - Generated code: C:\Users\fabio\OneDrive\Documentos\GitHub\franzininho-c0-board\fw_fabrica_franzininhoC0\Core\Inc\stm32c0xx_it.h
2023-10-25 14:21:30,860 [INFO] CodeEngine:255 - oldGeneratedFile, C:\Users\fabio\OneDrive\Documentos\GitHub\franzininho-c0-board\fw_fabrica_franzininhoC0\Core\Src\stm32c0xx_hal_msp.c_save
2023-10-25 14:21:30,923 [INFO] CodeEngine:279 - Generated code: C:\Users\fabio\OneDrive\Documentos\GitHub\franzininho-c0-board\fw_fabrica_franzininhoC0\Core\Src\stm32c0xx_hal_msp.c
2023-10-25 14:21:30,926 [INFO] CodeEngine:255 - oldGeneratedFile, C:\Users\fabio\OneDrive\Documentos\GitHub\franzininho-c0-board\fw_fabrica_franzininhoC0\MXTmpFiles\system.tmp_save
2023-10-25 14:21:30,970 [INFO] CodeEngine:279 - Generated code: C:\Users\fabio\OneDrive\Documentos\GitHub\franzininho-c0-board\fw_fabrica_franzininhoC0\MXTmpFiles\system.tmp
2023-10-25 14:21:30,984 [INFO] CodeEngine:311 - oldGeneratedFile, C:\Users\fabio\OneDrive\Documentos\GitHub\franzininho-c0-board\fw_fabrica_franzininhoC0\Core\Inc\stm32c0xx_hal_conf.h_save
2023-10-25 14:21:31,060 [INFO] CodeEngine:335 - Generated code: C:\Users\fabio\OneDrive\Documentos\GitHub\franzininho-c0-board\fw_fabrica_franzininhoC0\Core\Inc\stm32c0xx_hal_conf.h
2023-10-25 14:21:31,075 [WARN] IPConfigManager:2937 - Warning: the RefConfig RCC_ConfigVoltageScaling is not available in your config.xml file
2023-10-25 14:21:31,075 [WARN] IPConfigManager:2937 - Warning: the RefConfig RCC_PClockConfig is not available in your config.xml file
2023-10-25 14:21:31,076 [WARN] IPConfigManager:2937 - Warning: the RefConfig RCC_interrupt_Time_SYSTICK_Config is not available in your config.xml file
2023-10-25 14:21:31,090 [INFO] CodeEngine:255 - oldGeneratedFile, C:\Users\fabio\OneDrive\Documentos\GitHub\franzininho-c0-board\fw_fabrica_franzininhoC0\Core\Inc\main.h_save
2023-10-25 14:21:31,170 [INFO] CodeEngine:279 - Generated code: C:\Users\fabio\OneDrive\Documentos\GitHub\franzininho-c0-board\fw_fabrica_franzininhoC0\Core\Inc\main.h
2023-10-25 14:21:31,184 [INFO] CodeEngine:255 - oldGeneratedFile, C:\Users\fabio\OneDrive\Documentos\GitHub\franzininho-c0-board\fw_fabrica_franzininhoC0\Core\Src\main.c_save
2023-10-25 14:21:31,241 [INFO] CodeEngine:279 - Generated code: C:\Users\fabio\OneDrive\Documentos\GitHub\franzininho-c0-board\fw_fabrica_franzininhoC0\Core\Src\main.c
2023-10-25 14:21:31,722 [INFO] ProjectBuilder:3064 - Time for Copy HAL[1] : 230mS.
2023-10-25 14:21:31,724 [INFO] ProjectBuilder:4404 - Project Generator version: 4.1.0
2023-10-25 14:21:31,840 [INFO] ConfigFileManager:1457 - The Die is : DIE443
2023-10-25 14:21:32,655 [INFO] ProjectBuilder:4626 - Time for Generating toolchain IDE Files: 931mS.
2023-10-25 14:21:32,656 [INFO] ProjectBuilder:2935 - Time for Copy CMSIS : 1mS.
2023-10-25 14:21:32,658 [INFO] ProjectBuilder:2935 - Time for Copy CMSIS : 0mS.
